# mahimahi mm-link (Downlink) [tests/1mbps_ack.trace] > experiment_logs/1mbps_sprout_downlink.log
# command line: 'mm-link' 'tests/1mbps_data.trace' 'tests/1mbps_ack.trace' '--uplink-log=experiment_logs/1mbps_sprout_uplink.log' '--downlink-log=experiment_logs/1mbps_sprout_downlink.log' '--' 'python2' 'src/experiments/tunnel_manager.py' '--scheme' 'sprout' '--data-dir' 'experiment_logs/1mbps_sprout'
# queue: infinite
# init timestamp: 1744918882178
# base timestamp: 33
# mahimahi config: [delay 100 ms] 
34 + 80
34 + 52
34 + 80
44 # 1504
44 - 80 10
44 - 52 10
44 - 80 10
56 # 1504
68 # 1504
80 # 1504
92 # 1504
104 # 1504
116 # 1504
128 # 1504
140 # 1504
152 # 1504
164 # 1504
176 # 1504
188 # 1504
200 # 1504
212 # 1504
224 # 1504
236 # 1504
248 # 1504
260 # 1504
272 # 1504
284 # 1504
296 # 1504
308 # 1504
320 # 1504
332 # 1504
344 # 1504
356 # 1504
368 # 1504
380 # 1504
392 # 1504
404 # 1504
416 # 1504
428 # 1504
440 # 1504
452 # 1504
464 # 1504
476 # 1504
488 # 1504
500 # 1504
512 # 1504
524 # 1504
536 # 1504
548 # 1504
560 # 1504
572 # 1504
584 # 1504
596 # 1504
608 # 1504
620 # 1504
632 # 1504
644 # 1504
656 # 1504
668 # 1504
680 # 1504
692 # 1504
704 # 1504
716 # 1504
728 # 1504
735 + 80
740 # 1504
740 - 80 5
752 # 1504
764 # 1504
776 # 1504
788 # 1504
800 # 1504
812 # 1504
824 # 1504
836 # 1504
848 # 1504
860 # 1504
872 # 1504
884 # 1504
896 # 1504
908 # 1504
920 # 1504
932 # 1504
944 # 1504
956 # 1504
968 # 1504
980 # 1504
992 # 1504
1004 # 1504
1016 # 1504
1024 + 80
1028 # 1504
1028 - 80 4
1040 # 1504
1052 # 1504
1064 # 1504
1076 # 1504
1088 # 1504
1100 # 1504
1112 # 1504
1124 # 1504
1136 # 1504
1148 # 1504
1160 # 1504
1172 # 1504
1184 # 1504
1196 # 1504
1208 # 1504
1220 # 1504
1232 # 1504
1244 # 1504
1256 # 1504
1268 # 1504
1280 # 1504
1292 # 1504
1304 # 1504
1316 # 1504
1328 # 1504
1340 # 1504
1352 # 1504
1364 # 1504
1376 # 1504
1388 # 1504
1400 # 1504
1412 # 1504
1424 # 1504
1436 # 1504
1448 # 1504
1460 # 1504
1472 # 1504
1484 # 1504
1496 # 1504
1508 # 1504
1520 # 1504
1532 # 1504
1544 # 1504
1556 # 1504
1568 # 1504
1580 # 1504
1592 # 1504
1604 # 1504
1616 # 1504
1628 # 1504
1640 # 1504
1652 # 1504
1664 # 1504
1676 # 1504
1688 # 1504
1700 # 1504
1712 # 1504
1724 # 1504
1736 # 1504
1748 # 1504
1760 # 1504
1772 # 1504
1784 # 1504
1796 # 1504
1808 # 1504
1820 # 1504
1832 # 1504
1844 # 1504
1856 # 1504
1868 # 1504
1880 # 1504
1892 # 1504
1904 # 1504
1916 # 1504
1928 # 1504
1940 # 1504
1952 # 1504
1964 # 1504
1976 # 1504
1988 # 1504
2000 # 1504
2012 # 1504
2024 # 1504
2036 # 1504
2048 # 1504
2060 # 1504
2072 # 1504
2084 # 1504
2096 # 1504
2108 # 1504
2120 # 1504
2132 # 1504
2144 # 1504
2156 # 1504
2168 # 1504
2180 # 1504
2192 # 1504
2204 # 1504
2216 # 1504
2228 # 1504
2240 # 1504
2252 # 1504
2264 # 1504
2276 # 1504
2288 # 1504
2300 # 1504
2312 # 1504
2324 # 1504
2336 # 1504
2348 # 1504
2360 # 1504
2372 # 1504
2384 # 1504
2396 # 1504
2408 # 1504
2420 # 1504
2432 # 1504
2444 # 1504
2456 # 1504
2468 # 1504
2480 # 1504
2492 # 1504
2504 # 1504
2516 # 1504
2528 # 1504
2540 # 1504
2552 # 1504
2564 # 1504
2576 # 1504
2588 # 1504
2600 # 1504
2612 # 1504
2624 # 1504
2636 # 1504
2648 # 1504
2660 # 1504
2672 # 1504
2684 # 1504
2696 # 1504
2708 # 1504
2720 # 1504
2732 # 1504
2744 # 1504
2756 # 1504
2768 # 1504
2780 # 1504
2792 # 1504
2804 # 1504
2816 # 1504
2828 # 1504
2840 # 1504
2852 # 1504
2864 # 1504
2876 # 1504
2888 # 1504
2900 # 1504
2912 # 1504
2924 # 1504
2936 # 1504
2948 # 1504
2960 # 1504
2972 # 1504
2984 # 1504
2996 # 1504
3008 # 1504
3020 # 1504
3032 # 1504
3044 # 1504
3056 # 1504
3068 # 1504
3080 # 1504
3092 # 1504
3104 # 1504
3116 # 1504
3128 # 1504
3140 # 1504
3152 # 1504
3164 # 1504
3176 # 1504
3188 # 1504
3200 # 1504
3212 # 1504
3224 # 1504
3236 # 1504
3248 # 1504
3260 # 1504
3272 # 1504
3284 # 1504
3296 # 1504
3308 # 1504
3320 # 1504
3332 # 1504
3344 # 1504
3356 # 1504
3368 # 1504
3380 # 1504
3392 # 1504
3404 # 1504
3416 # 1504
3428 # 1504
3440 # 1504
3452 # 1504
3464 # 1504
3476 # 1504
3488 # 1504
3500 # 1504
3512 # 1504
3524 # 1504
3536 # 1504
3548 # 1504
3560 # 1504
3572 # 1504
3584 # 1504
3596 # 1504
3608 # 1504
3620 # 1504
3632 # 1504
3644 # 1504
3656 # 1504
3668 # 1504
3680 # 1504
3692 # 1504
3704 # 1504
3716 # 1504
3728 # 1504
3740 # 1504
3752 # 1504
3764 # 1504
3776 # 1504
3788 # 1504
3800 # 1504
3812 # 1504
3824 # 1504
3836 # 1504
3848 # 1504
3860 # 1504
3872 # 1504
3884 # 1504
3896 # 1504
3908 # 1504
3920 # 1504
3932 # 1504
3944 # 1504
3956 # 1504
3968 # 1504
3980 # 1504
3992 # 1504
4004 # 1504
4016 # 1504
4028 # 1504
4040 # 1504
4052 # 1504
4064 # 1504
4076 # 1504
4088 # 1504
4100 # 1504
4112 # 1504
4124 # 1504
4136 # 1504
4148 # 1504
4160 # 1504
4172 # 1504
4184 # 1504
4196 # 1504
4208 # 1504
4220 # 1504
4232 # 1504
4244 # 1504
4256 # 1504
4268 # 1504
4280 # 1504
4287 + 52
4292 # 1504
4292 - 52 5
4304 # 1504
4316 # 1504
4328 # 1504
4340 # 1504
4352 # 1504
4364 # 1504
4376 # 1504
4388 # 1504
4400 # 1504
4412 # 1504
4424 # 1504
4436 # 1504
4448 # 1504
4460 # 1504
4472 # 1504
4484 # 1504
4496 # 1504
4508 # 1504
4520 # 1504
4532 # 1504
4544 # 1504
4556 # 1504
4568 # 1504
4580 # 1504
4592 # 1504
4604 # 1504
4616 # 1504
4628 # 1504
4640 # 1504
4652 # 1504
4664 # 1504
4676 # 1504
4688 # 1504
4700 # 1504
4712 # 1504
4724 # 1504
4736 # 1504
4748 # 1504
4760 # 1504
4772 # 1504
4784 # 1504
4796 # 1504
4808 # 1504
4820 # 1504
4832 # 1504
4844 # 1504
4856 # 1504
4868 # 1504
4880 # 1504
4892 # 1504
4904 # 1504
4916 # 1504
4928 # 1504
4940 # 1504
4952 # 1504
4964 # 1504
4976 # 1504
4988 # 1504
5000 # 1504
5012 # 1504
5024 # 1504
5036 # 1504
5048 # 1504
5060 # 1504
5072 # 1504
5084 # 1504
5096 # 1504
5108 # 1504
5120 # 1504
5132 # 1504
5144 # 1504
5156 # 1504
5168 # 1504
5180 # 1504
5192 # 1504
5204 # 1504
5216 # 1504
5228 # 1504
5240 # 1504
5252 # 1504
5264 # 1504
5276 # 1504
5288 # 1504
5300 # 1504
5312 # 1504
5324 # 1504
5336 # 1504
5348 # 1504
5360 # 1504
5372 # 1504
5384 # 1504
5396 # 1504
5408 # 1504
5420 # 1504
5432 # 1504
5444 # 1504
5456 # 1504
5468 # 1504
5480 # 1504
5492 # 1504
5504 # 1504
5516 # 1504
5528 # 1504
5540 # 1504
5552 # 1504
5564 # 1504
5576 # 1504
5588 # 1504
5600 # 1504
5612 # 1504
5624 # 1504
5636 # 1504
5648 # 1504
5660 # 1504
5672 # 1504
5684 # 1504
5696 # 1504
5708 # 1504
5720 # 1504
5732 # 1504
5744 # 1504
5756 # 1504
5768 # 1504
5780 # 1504
5792 # 1504
5804 # 1504
5816 # 1504
5828 # 1504
5840 # 1504
5852 # 1504
5864 # 1504
5876 # 1504
5888 # 1504
5900 # 1504
5912 # 1504
5924 # 1504
5936 # 1504
5948 # 1504
5960 # 1504
5972 # 1504
5984 # 1504
5996 # 1504
6008 # 1504
6020 # 1504
6032 # 1504
6044 # 1504
6056 # 1504
6068 # 1504
6080 # 1504
6092 # 1504
6104 # 1504
6116 # 1504
6128 # 1504
6140 # 1504
6152 # 1504
6164 # 1504
6176 # 1504
6188 # 1504
6200 # 1504
6212 # 1504
6224 # 1504
6236 # 1504
6248 # 1504
6260 # 1504
6272 # 1504
6284 # 1504
6296 # 1504
6308 # 1504
6320 # 1504
6332 # 1504
6344 # 1504
6356 # 1504
6368 # 1504
6380 # 1504
6392 # 1504
6404 # 1504
6416 # 1504
6428 # 1504
6440 # 1504
6452 # 1504
6464 # 1504
6476 # 1504
6488 # 1504
6500 # 1504
6512 # 1504
6524 # 1504
6536 # 1504
6548 # 1504
6560 # 1504
6572 # 1504
6584 # 1504
6596 # 1504
6608 # 1504
6620 # 1504
6632 # 1504
6644 # 1504
6656 # 1504
6668 # 1504
6680 # 1504
6692 # 1504
6704 # 1504
6716 # 1504
6728 # 1504
6740 # 1504
6752 # 1504
6764 # 1504
6776 # 1504
6788 # 1504
6800 # 1504
6812 # 1504
6824 # 1504
6836 # 1504
6848 # 1504
6860 # 1504
6872 # 1504
6884 # 1504
6896 # 1504
6908 # 1504
6920 # 1504
6932 # 1504
6944 # 1504
6956 # 1504
6968 # 1504
6980 # 1504
6992 # 1504
7004 # 1504
7016 # 1504
7028 # 1504
7040 # 1504
7052 # 1504
7064 # 1504
7076 # 1504
7088 # 1504
7100 # 1504
7112 # 1504
7124 # 1504
7136 # 1504
7148 # 1504
7160 # 1504
7172 # 1504
7184 # 1504
7196 # 1504
7208 # 1504
7220 # 1504
7232 # 1504
7244 # 1504
7256 # 1504
7268 # 1504
7280 # 1504
7292 # 1504
7304 # 1504
7316 # 1504
7328 # 1504
7340 # 1504
7352 # 1504
7364 # 1504
7376 # 1504
7388 # 1504
7400 # 1504
7412 # 1504
7424 # 1504
7436 # 1504
7448 # 1504
7460 # 1504
7472 # 1504
7484 # 1504
7496 # 1504
7508 # 1504
7520 # 1504
7532 # 1504
7544 # 1504
7556 # 1504
7568 # 1504
7580 # 1504
7592 # 1504
7604 # 1504
7616 # 1504
7628 # 1504
7640 # 1504
7652 # 1504
7664 # 1504
7676 # 1504
7688 # 1504
7700 # 1504
7712 # 1504
7724 # 1504
7736 # 1504
7748 # 1504
7760 # 1504
7772 # 1504
7784 # 1504
7796 # 1504
7808 # 1504
7820 # 1504
7832 # 1504
7844 # 1504
7856 # 1504
7868 # 1504
7880 # 1504
7892 # 1504
7904 # 1504
7916 # 1504
7928 # 1504
7940 # 1504
7952 # 1504
7964 # 1504
7976 # 1504
7988 # 1504
8000 # 1504
8012 # 1504
8024 # 1504
8036 # 1504
8048 # 1504
8060 # 1504
8072 # 1504
8084 # 1504
8096 # 1504
8108 # 1504
8120 # 1504
8132 # 1504
8144 # 1504
8156 # 1504
8168 # 1504
8180 # 1504
8192 # 1504
8204 # 1504
8216 # 1504
8228 # 1504
8240 # 1504
8252 # 1504
8264 # 1504
8276 # 1504
8288 # 1504
8300 # 1504
8312 # 1504
8324 # 1504
8336 # 1504
8348 # 1504
8360 # 1504
8372 # 1504
8384 # 1504
8396 # 1504
8408 # 1504
8420 # 1504
8432 # 1504
8444 # 1504
8456 # 1504
8468 # 1504
8480 # 1504
8492 # 1504
8504 # 1504
8516 # 1504
8528 # 1504
8540 # 1504
8552 # 1504
8564 # 1504
8576 # 1504
8588 # 1504
8600 # 1504
8612 # 1504
8624 # 1504
8636 # 1504
8648 # 1504
8660 # 1504
8672 # 1504
8684 # 1504
8696 # 1504
8708 # 1504
8720 # 1504
8732 # 1504
8744 # 1504
8756 # 1504
8768 # 1504
8780 # 1504
8792 # 1504
8804 # 1504
8816 # 1504
8828 # 1504
8840 # 1504
8852 # 1504
8864 # 1504
8876 # 1504
8888 # 1504
8900 # 1504
8912 # 1504
8924 # 1504
8936 # 1504
8948 # 1504
8960 # 1504
8972 # 1504
8984 # 1504
8996 # 1504
9008 # 1504
9020 # 1504
9032 # 1504
9044 # 1504
9056 # 1504
9068 # 1504
9080 # 1504
9092 # 1504
9104 # 1504
9116 # 1504
9128 # 1504
9140 # 1504
9152 # 1504
9164 # 1504
9176 # 1504
9188 # 1504
9200 # 1504
9212 # 1504
9224 # 1504
9236 # 1504
9248 # 1504
9260 # 1504
9272 # 1504
9284 # 1504
9296 # 1504
9308 # 1504
9320 # 1504
9332 # 1504
9344 # 1504
9356 # 1504
9368 # 1504
9380 # 1504
9392 # 1504
9404 # 1504
9416 # 1504
9428 # 1504
9440 # 1504
9452 # 1504
9464 # 1504
9476 # 1504
9488 # 1504
9500 # 1504
9512 # 1504
9524 # 1504
9536 # 1504
9548 # 1504
9560 # 1504
9572 # 1504
9584 # 1504
9596 # 1504
9608 # 1504
9620 # 1504
9632 # 1504
9644 # 1504
9656 # 1504
9668 # 1504
9680 # 1504
9692 # 1504
9704 # 1504
9716 # 1504
9728 # 1504
9740 # 1504
9752 # 1504
9764 # 1504
9776 # 1504
9788 # 1504
9800 # 1504
9812 # 1504
9824 # 1504
9836 # 1504
9848 # 1504
9860 # 1504
9872 # 1504
9884 # 1504
9896 # 1504
9908 # 1504
9920 # 1504
9932 # 1504
9944 # 1504
9956 # 1504
9968 # 1504
9980 # 1504
9992 # 1504
10004 # 1504
10016 # 1504
10028 # 1504
10040 # 1504
10052 # 1504
10064 # 1504
10076 # 1504
10088 # 1504
10100 # 1504
10112 # 1504
10124 # 1504
10136 # 1504
10148 # 1504
10160 # 1504
10172 # 1504
10184 # 1504
10196 # 1504
10208 # 1504
10220 # 1504
10232 # 1504
10244 # 1504
10256 # 1504
10268 # 1504
10280 # 1504
10292 # 1504
10304 # 1504
10316 # 1504
10328 # 1504
10340 # 1504
10352 # 1504
10364 # 1504
10376 # 1504
10388 # 1504
10400 # 1504
10412 # 1504
10424 # 1504
10436 # 1504
10448 # 1504
10460 # 1504
10472 # 1504
10484 # 1504
10496 # 1504
10508 # 1504
10520 # 1504
10532 # 1504
10544 # 1504
10556 # 1504
10568 # 1504
10580 # 1504
10592 # 1504
10604 # 1504
10616 # 1504
10628 # 1504
10640 # 1504
10652 # 1504
10664 # 1504
10676 # 1504
10688 # 1504
10700 # 1504
10712 # 1504
10724 # 1504
10736 # 1504
10748 # 1504
10760 # 1504
10772 # 1504
10784 # 1504
10796 # 1504
10808 # 1504
10820 # 1504
10832 # 1504
10844 # 1504
10856 # 1504
10868 # 1504
10880 # 1504
10892 # 1504
10904 # 1504
10916 # 1504
10928 # 1504
10940 # 1504
10952 # 1504
10964 # 1504
10976 # 1504
10988 # 1504
11000 # 1504
11012 # 1504
11024 # 1504
11036 # 1504
11048 # 1504
11060 # 1504
11072 # 1504
11084 # 1504
11096 # 1504
11108 # 1504
11120 # 1504
11132 # 1504
11144 # 1504
11156 # 1504
11168 # 1504
11180 # 1504
11192 # 1504
11204 # 1504
11216 # 1504
11228 # 1504
11240 # 1504
11252 # 1504
11264 # 1504
11276 # 1504
11288 # 1504
11300 # 1504
11312 # 1504
11324 # 1504
11336 # 1504
11348 # 1504
11360 # 1504
11372 # 1504
11384 # 1504
11396 # 1504
11408 # 1504
11420 # 1504
11432 # 1504
11444 # 1504
11456 # 1504
11468 # 1504
11480 # 1504
11492 # 1504
11504 # 1504
11516 # 1504
11528 # 1504
11540 # 1504
11552 # 1504
11564 # 1504
11576 # 1504
11588 # 1504
11600 # 1504
11612 # 1504
11624 # 1504
11636 # 1504
11648 # 1504
11660 # 1504
11672 # 1504
11684 # 1504
11696 # 1504
11708 # 1504
11720 # 1504
11732 # 1504
11744 # 1504
11756 # 1504
11768 # 1504
11780 # 1504
11792 # 1504
11804 # 1504
11816 # 1504
11828 # 1504
11840 # 1504
11852 # 1504
11864 # 1504
11876 # 1504
11888 # 1504
11900 # 1504
11912 # 1504
11924 # 1504
11936 # 1504
11948 # 1504
11960 # 1504
11972 # 1504
11984 # 1504
11996 # 1504
12008 # 1504
12020 # 1504
12032 # 1504
12044 # 1504
12056 # 1504
12068 # 1504
12080 # 1504
12092 # 1504
12104 # 1504
12116 # 1504
12128 # 1504
12140 # 1504
12152 # 1504
12164 # 1504
12176 # 1504
12188 # 1504
12200 # 1504
12212 # 1504
12224 # 1504
12236 # 1504
12248 # 1504
12260 # 1504
12272 # 1504
12284 # 1504
12296 # 1504
12308 # 1504
12320 # 1504
12332 # 1504
12344 # 1504
12356 # 1504
12368 # 1504
12380 # 1504
12392 # 1504
12404 # 1504
12416 # 1504
12428 # 1504
12440 # 1504
12452 # 1504
12464 # 1504
12476 # 1504
12488 # 1504
12500 # 1504
12512 # 1504
12524 # 1504
12536 # 1504
12548 # 1504
12560 # 1504
12572 # 1504
12584 # 1504
12596 # 1504
12608 # 1504
12620 # 1504
12632 # 1504
12644 # 1504
12656 # 1504
12668 # 1504
12680 # 1504
12692 # 1504
12704 # 1504
12716 # 1504
12728 # 1504
12740 # 1504
12752 # 1504
12764 # 1504
12776 # 1504
12788 # 1504
12800 # 1504
12812 # 1504
12824 # 1504
12836 # 1504
12848 # 1504
12860 # 1504
12872 # 1504
12884 # 1504
12896 # 1504
12908 # 1504
12920 # 1504
12932 # 1504
12944 # 1504
12956 # 1504
12968 # 1504
12980 # 1504
12991 + 52
12992 # 1504
12992 - 52 1
13004 # 1504
13016 # 1504
13028 # 1504
13040 # 1504
13052 # 1504
13064 # 1504
13076 # 1504
13088 # 1504
13100 # 1504
13112 # 1504
13124 # 1504
13136 # 1504
13148 # 1504
13160 # 1504
13172 # 1504
13184 # 1504
13196 # 1504
13208 # 1504
13220 # 1504
13232 # 1504
13244 # 1504
13256 # 1504
13268 # 1504
13280 # 1504
13292 # 1504
13304 # 1504
13316 # 1504
13328 # 1504
13340 # 1504
13352 # 1504
13364 # 1504
13376 # 1504
13388 # 1504
13400 # 1504
13412 # 1504
13424 # 1504
13436 # 1504
13448 # 1504
13460 # 1504
13472 # 1504
13484 # 1504
13496 # 1504
13508 # 1504
13520 # 1504
13532 # 1504
13544 # 1504
13556 # 1504
13568 # 1504
13580 # 1504
13592 # 1504
13604 # 1504
13616 # 1504
13628 # 1504
13640 # 1504
13652 # 1504
13664 # 1504
13676 # 1504
13688 # 1504
13700 # 1504
13712 # 1504
13724 # 1504
13736 # 1504
13748 # 1504
13760 # 1504
13772 # 1504
13784 # 1504
13796 # 1504
13808 # 1504
13820 # 1504
13832 # 1504
13844 # 1504
13856 # 1504
13868 # 1504
13880 # 1504
13892 # 1504
13904 # 1504
13916 # 1504
13928 # 1504
13940 # 1504
13952 # 1504
13964 # 1504
13976 # 1504
13988 # 1504
14000 # 1504
14012 # 1504
14024 # 1504
14036 # 1504
14048 # 1504
14060 # 1504
14072 # 1504
14084 # 1504
14096 # 1504
14108 # 1504
14120 # 1504
14132 # 1504
14144 # 1504
14156 # 1504
14168 # 1504
14180 # 1504
14192 # 1504
14204 # 1504
14216 # 1504
14228 # 1504
14240 # 1504
14252 # 1504
14264 # 1504
14276 # 1504
14288 # 1504
14300 # 1504
14312 # 1504
14324 # 1504
14336 # 1504
14348 # 1504
14360 # 1504
14372 # 1504
14384 # 1504
14396 # 1504
14408 # 1504
14420 # 1504
14432 # 1504
14444 # 1504
14456 # 1504
14468 # 1504
14480 # 1504
14492 # 1504
14504 # 1504
14516 # 1504
14528 # 1504
14540 # 1504
14552 # 1504
14564 # 1504
14576 # 1504
14588 # 1504
14600 # 1504
14612 # 1504
14624 # 1504
14636 # 1504
14648 # 1504
14660 # 1504
14672 # 1504
14684 # 1504
14696 # 1504
14708 # 1504
14720 # 1504
14732 # 1504
14744 # 1504
14756 # 1504
14768 # 1504
14780 # 1504
14792 # 1504
14804 # 1504
14816 # 1504
14828 # 1504
14840 # 1504
14852 # 1504
14864 # 1504
14876 # 1504
14888 # 1504
14900 # 1504
14912 # 1504
14924 # 1504
14936 # 1504
14948 # 1504
14960 # 1504
14972 # 1504
14984 # 1504
14996 # 1504
15008 # 1504
15020 # 1504
15032 # 1504
15044 # 1504
15056 # 1504
15068 # 1504
15080 # 1504
15092 # 1504
15104 # 1504
15116 # 1504
15128 # 1504
15140 # 1504
15152 # 1504
15164 # 1504
15176 # 1504
15188 # 1504
15200 # 1504
15212 # 1504
15224 # 1504
15236 # 1504
15248 # 1504
15260 # 1504
15272 # 1504
15284 # 1504
15296 # 1504
15308 # 1504
15320 # 1504
15332 # 1504
15344 # 1504
15356 # 1504
15368 # 1504
15380 # 1504
15392 # 1504
15404 # 1504
15416 # 1504
15428 # 1504
15440 # 1504
15452 # 1504
15464 # 1504
15476 # 1504
15488 # 1504
15500 # 1504
15512 # 1504
15524 # 1504
15536 # 1504
15548 # 1504
15560 # 1504
15572 # 1504
15584 # 1504
15596 # 1504
15608 # 1504
15620 # 1504
15632 # 1504
15644 # 1504
15656 # 1504
15668 # 1504
15680 # 1504
15692 # 1504
15704 # 1504
15716 # 1504
15728 # 1504
15740 # 1504
15752 # 1504
15764 # 1504
15776 # 1504
15788 # 1504
15800 # 1504
15812 # 1504
15824 # 1504
15836 # 1504
15848 # 1504
15860 # 1504
15872 # 1504
15884 # 1504
15896 # 1504
15908 # 1504
15920 # 1504
15932 # 1504
15944 # 1504
15956 # 1504
15968 # 1504
15980 # 1504
15992 # 1504
16004 # 1504
16016 # 1504
16028 # 1504
16040 # 1504
16052 # 1504
16064 # 1504
16076 # 1504
16088 # 1504
16100 # 1504
16112 # 1504
16124 # 1504
16136 # 1504
16148 # 1504
16160 # 1504
16172 # 1504
16184 # 1504
16196 # 1504
16208 # 1504
16220 # 1504
16232 # 1504
16244 # 1504
16256 # 1504
16268 # 1504
16280 # 1504
16292 # 1504
16304 # 1504
16316 # 1504
16328 # 1504
16340 # 1504
16352 # 1504
16364 # 1504
16376 # 1504
16388 # 1504
16400 # 1504
16412 # 1504
16424 # 1504
16436 # 1504
16448 # 1504
16460 # 1504
16472 # 1504
16484 # 1504
16496 # 1504
16508 # 1504
16520 # 1504
16532 # 1504
16544 # 1504
16556 # 1504
16568 # 1504
16580 # 1504
16592 # 1504
16604 # 1504
16616 # 1504
16628 # 1504
16640 # 1504
16652 # 1504
16664 # 1504
16676 # 1504
16688 # 1504
16700 # 1504
16712 # 1504
16724 # 1504
16736 # 1504
16748 # 1504
16760 # 1504
16772 # 1504
16784 # 1504
16796 # 1504
16808 # 1504
16820 # 1504
16832 # 1504
16844 # 1504
16856 # 1504
16868 # 1504
16880 # 1504
16892 # 1504
16904 # 1504
16916 # 1504
16928 # 1504
16940 # 1504
16952 # 1504
16964 # 1504
16976 # 1504
16988 # 1504
17000 # 1504
17012 # 1504
17024 # 1504
17036 # 1504
17048 # 1504
17060 # 1504
17072 # 1504
17084 # 1504
17096 # 1504
17108 # 1504
17120 # 1504
17132 # 1504
17144 # 1504
17156 # 1504
17168 # 1504
17180 # 1504
17192 # 1504
17204 # 1504
17216 # 1504
17228 # 1504
17240 # 1504
17252 # 1504
17264 # 1504
17276 # 1504
17288 # 1504
17300 # 1504
17312 # 1504
17324 # 1504
17336 # 1504
17348 # 1504
17360 # 1504
17372 # 1504
17384 # 1504
17396 # 1504
17408 # 1504
17420 # 1504
17432 # 1504
17444 # 1504
17456 # 1504
17468 # 1504
17480 # 1504
17492 # 1504
17504 # 1504
17516 # 1504
17528 # 1504
17540 # 1504
17552 # 1504
17564 # 1504
17576 # 1504
17588 # 1504
17600 # 1504
17612 # 1504
17624 # 1504
17636 # 1504
17648 # 1504
17660 # 1504
17672 # 1504
17684 # 1504
17696 # 1504
17708 # 1504
17720 # 1504
17732 # 1504
17744 # 1504
17756 # 1504
17768 # 1504
17780 # 1504
17792 # 1504
17804 # 1504
17816 # 1504
17828 # 1504
17840 # 1504
17852 # 1504
17864 # 1504
17876 # 1504
17888 # 1504
17900 # 1504
17912 # 1504
17924 # 1504
17936 # 1504
17948 # 1504
17960 # 1504
17972 # 1504
17984 # 1504
17996 # 1504
18008 # 1504
18020 # 1504
18032 # 1504
18044 # 1504
18056 # 1504
18068 # 1504
18080 # 1504
18092 # 1504
18104 # 1504
18116 # 1504
18128 # 1504
18140 # 1504
18152 # 1504
18164 # 1504
18176 # 1504
18188 # 1504
18200 # 1504
18212 # 1504
18224 # 1504
18236 # 1504
18248 # 1504
18260 # 1504
18272 # 1504
18284 # 1504
18296 # 1504
18308 # 1504
18320 # 1504
18332 # 1504
18344 # 1504
18356 # 1504
18368 # 1504
18380 # 1504
18392 # 1504
18404 # 1504
18416 # 1504
18428 # 1504
18440 # 1504
18452 # 1504
18464 # 1504
18476 # 1504
18488 # 1504
18500 # 1504
18512 # 1504
18524 # 1504
18536 # 1504
18548 # 1504
18560 # 1504
18572 # 1504
18584 # 1504
18596 # 1504
18608 # 1504
18620 # 1504
18632 # 1504
18644 # 1504
18656 # 1504
18668 # 1504
18680 # 1504
18692 # 1504
18704 # 1504
18716 # 1504
18728 # 1504
18740 # 1504
18752 # 1504
18764 # 1504
18776 # 1504
18788 # 1504
18800 # 1504
18812 # 1504
18824 # 1504
18836 # 1504
18848 # 1504
18860 # 1504
18872 # 1504
18884 # 1504
18896 # 1504
18908 # 1504
18920 # 1504
18932 # 1504
18944 # 1504
18956 # 1504
18968 # 1504
18980 # 1504
18992 # 1504
19004 # 1504
19016 # 1504
19028 # 1504
19040 # 1504
19052 # 1504
19064 # 1504
19076 # 1504
19088 # 1504
19100 # 1504
19112 # 1504
19124 # 1504
19136 # 1504
19148 # 1504
19160 # 1504
19172 # 1504
19184 # 1504
19196 # 1504
19208 # 1504
19220 # 1504
19232 # 1504
19244 # 1504
19256 # 1504
19268 # 1504
19280 # 1504
19292 # 1504
19304 # 1504
19316 # 1504
19328 # 1504
19340 # 1504
19352 # 1504
19364 # 1504
19376 # 1504
19388 # 1504
19400 # 1504
19412 # 1504
19424 # 1504
19436 # 1504
19448 # 1504
19460 # 1504
19472 # 1504
19484 # 1504
19496 # 1504
19508 # 1504
19520 # 1504
19532 # 1504
19544 # 1504
19556 # 1504
19568 # 1504
19580 # 1504
19592 # 1504
19604 # 1504
19616 # 1504
19628 # 1504
19640 # 1504
19652 # 1504
19664 # 1504
19676 # 1504
19688 # 1504
19700 # 1504
19712 # 1504
19724 # 1504
19736 # 1504
19748 # 1504
19760 # 1504
19772 # 1504
19784 # 1504
19796 # 1504
19808 # 1504
19820 # 1504
19832 # 1504
19844 # 1504
19856 # 1504
19868 # 1504
19880 # 1504
19892 # 1504
19904 # 1504
19916 # 1504
19928 # 1504
19940 # 1504
19952 # 1504
19964 # 1504
19976 # 1504
19988 # 1504
20000 # 1504
20012 # 1504
20024 # 1504
20036 # 1504
20048 # 1504
20060 # 1504
20072 # 1504
20084 # 1504
20096 # 1504
20108 # 1504
20120 # 1504
20132 # 1504
20144 # 1504
20156 # 1504
20168 # 1504
20180 # 1504
20192 # 1504
20204 # 1504
20216 # 1504
20228 # 1504
20240 # 1504
20252 # 1504
20264 # 1504
20276 # 1504
20288 # 1504
20300 # 1504
20312 # 1504
20324 # 1504
20336 # 1504
20348 # 1504
20360 # 1504
20372 # 1504
20384 # 1504
20396 # 1504
20408 # 1504
20420 # 1504
20432 # 1504
20444 # 1504
20456 # 1504
20468 # 1504
20480 # 1504
20492 # 1504
20504 # 1504
20516 # 1504
20528 # 1504
20540 # 1504
20552 # 1504
20564 # 1504
20576 # 1504
20588 # 1504
20600 # 1504
20612 # 1504
20624 # 1504
20636 # 1504
20648 # 1504
20660 # 1504
20672 # 1504
20684 # 1504
20696 # 1504
20708 # 1504
20720 # 1504
20732 # 1504
20744 # 1504
20756 # 1504
20768 # 1504
20780 # 1504
20792 # 1504
20804 # 1504
20816 # 1504
20828 # 1504
20840 # 1504
20852 # 1504
20864 # 1504
20876 # 1504
20888 # 1504
20900 # 1504
20912 # 1504
20924 # 1504
20936 # 1504
20948 # 1504
20960 # 1504
20972 # 1504
20984 # 1504
20996 # 1504
21008 # 1504
21020 # 1504
21032 # 1504
21044 # 1504
21056 # 1504
21068 # 1504
21080 # 1504
21092 # 1504
21104 # 1504
21116 # 1504
21128 # 1504
21140 # 1504
21152 # 1504
21164 # 1504
21176 # 1504
21188 # 1504
21200 # 1504
21212 # 1504
21224 # 1504
21236 # 1504
21248 # 1504
21260 # 1504
21272 # 1504
21284 # 1504
21296 # 1504
21308 # 1504
21320 # 1504
21332 # 1504
21344 # 1504
21356 # 1504
21368 # 1504
21380 # 1504
21392 # 1504
21404 # 1504
21416 # 1504
21428 # 1504
21440 # 1504
21452 # 1504
21464 # 1504
21476 # 1504
21488 # 1504
21500 # 1504
21512 # 1504
21524 # 1504
21536 # 1504
21548 # 1504
21560 # 1504
21572 # 1504
21584 # 1504
21596 # 1504
21608 # 1504
21620 # 1504
21632 # 1504
21644 # 1504
21656 # 1504
21668 # 1504
21680 # 1504
21692 # 1504
21704 # 1504
21716 # 1504
21728 # 1504
21740 # 1504
21752 # 1504
21764 # 1504
21776 # 1504
21788 # 1504
21800 # 1504
21812 # 1504
21824 # 1504
21836 # 1504
21848 # 1504
21860 # 1504
21872 # 1504
21884 # 1504
21896 # 1504
21908 # 1504
21920 # 1504
21932 # 1504
21944 # 1504
21956 # 1504
21968 # 1504
21980 # 1504
21992 # 1504
22004 # 1504
22016 # 1504
22028 # 1504
22040 # 1504
22052 # 1504
22064 # 1504
22076 # 1504
22088 # 1504
22100 # 1504
22112 # 1504
22124 # 1504
22136 # 1504
22148 # 1504
22160 # 1504
22172 # 1504
22184 # 1504
22196 # 1504
22208 # 1504
22220 # 1504
22232 # 1504
22244 # 1504
22256 # 1504
22268 # 1504
22280 # 1504
22292 # 1504
22304 # 1504
22316 # 1504
22328 # 1504
22340 # 1504
22352 # 1504
22364 # 1504
22376 # 1504
22388 # 1504
22400 # 1504
22412 # 1504
22424 # 1504
22436 # 1504
22448 # 1504
22460 # 1504
22472 # 1504
22484 # 1504
22496 # 1504
22508 # 1504
22520 # 1504
22532 # 1504
22544 # 1504
22556 # 1504
22568 # 1504
22580 # 1504
22592 # 1504
22604 # 1504
22616 # 1504
22628 # 1504
22640 # 1504
22652 # 1504
22664 # 1504
22676 # 1504
22688 # 1504
22700 # 1504
22712 # 1504
22724 # 1504
22736 # 1504
22748 # 1504
22760 # 1504
22772 # 1504
22784 # 1504
22796 # 1504
22808 # 1504
22820 # 1504
22832 # 1504
22844 # 1504
22856 # 1504
22868 # 1504
22880 # 1504
22892 # 1504
22904 # 1504
22916 # 1504
22928 # 1504
22940 # 1504
22952 # 1504
22964 # 1504
22976 # 1504
22988 # 1504
23000 # 1504
23012 # 1504
23024 # 1504
23036 # 1504
23048 # 1504
23060 # 1504
23072 # 1504
23084 # 1504
23096 # 1504
23108 # 1504
23120 # 1504
23132 # 1504
23144 # 1504
23156 # 1504
23168 # 1504
23180 # 1504
23192 # 1504
23204 # 1504
23216 # 1504
23228 # 1504
23240 # 1504
23252 # 1504
23264 # 1504
23276 # 1504
23288 # 1504
23300 # 1504
23312 # 1504
23324 # 1504
23336 # 1504
23348 # 1504
23360 # 1504
23372 # 1504
23384 # 1504
23396 # 1504
23408 # 1504
23420 # 1504
23432 # 1504
23444 # 1504
23456 # 1504
23468 # 1504
23480 # 1504
23492 # 1504
23504 # 1504
23516 # 1504
23528 # 1504
23540 # 1504
23552 # 1504
23564 # 1504
23576 # 1504
23588 # 1504
23600 # 1504
23612 # 1504
23624 # 1504
23636 # 1504
23648 # 1504
23660 # 1504
23672 # 1504
23684 # 1504
23696 # 1504
23708 # 1504
23720 # 1504
23732 # 1504
23744 # 1504
23756 # 1504
23768 # 1504
23780 # 1504
23792 # 1504
23804 # 1504
23816 # 1504
23828 # 1504
23840 # 1504
23852 # 1504
23864 # 1504
23876 # 1504
23888 # 1504
23900 # 1504
23912 # 1504
23924 # 1504
23936 # 1504
23948 # 1504
23960 # 1504
23972 # 1504
23984 # 1504
23996 # 1504
24008 # 1504
24020 # 1504
24032 # 1504
24044 # 1504
24056 # 1504
24068 # 1504
24080 # 1504
24092 # 1504
24104 # 1504
24116 # 1504
24128 # 1504
24140 # 1504
24152 # 1504
24164 # 1504
24176 # 1504
24188 # 1504
24200 # 1504
24212 # 1504
24224 # 1504
24236 # 1504
24248 # 1504
24260 # 1504
24272 # 1504
24284 # 1504
24296 # 1504
24308 # 1504
24320 # 1504
24332 # 1504
24344 # 1504
24356 # 1504
24368 # 1504
24380 # 1504
24392 # 1504
24404 # 1504
24416 # 1504
24428 # 1504
24440 # 1504
24452 # 1504
24464 # 1504
24476 # 1504
24488 # 1504
24500 # 1504
24512 # 1504
24524 # 1504
24536 # 1504
24548 # 1504
24560 # 1504
24572 # 1504
24584 # 1504
24596 # 1504
24608 # 1504
24620 # 1504
24632 # 1504
24644 # 1504
24656 # 1504
24668 # 1504
24680 # 1504
24692 # 1504
24704 # 1504
24716 # 1504
24728 # 1504
24740 # 1504
24752 # 1504
24764 # 1504
24776 # 1504
24788 # 1504
24800 # 1504
24812 # 1504
24824 # 1504
24836 # 1504
24848 # 1504
24860 # 1504
24872 # 1504
24884 # 1504
24896 # 1504
24908 # 1504
24920 # 1504
24932 # 1504
24944 # 1504
24956 # 1504
24968 # 1504
24980 # 1504
24992 # 1504
25004 # 1504
25016 # 1504
25028 # 1504
25040 # 1504
25052 # 1504
25064 # 1504
25076 # 1504
25088 # 1504
25100 # 1504
25112 # 1504
25124 # 1504
25136 # 1504
25148 # 1504
25160 # 1504
25172 # 1504
25184 # 1504
25196 # 1504
25208 # 1504
25220 # 1504
25232 # 1504
25244 # 1504
25256 # 1504
25268 # 1504
25280 # 1504
25292 # 1504
25304 # 1504
25316 # 1504
25328 # 1504
25340 # 1504
25352 # 1504
25364 # 1504
25376 # 1504
25388 # 1504
25400 # 1504
25412 # 1504
25424 # 1504
25436 # 1504
25448 # 1504
25460 # 1504
25472 # 1504
25484 # 1504
25496 # 1504
25508 # 1504
25520 # 1504
25532 # 1504
25544 # 1504
25556 # 1504
25568 # 1504
25580 # 1504
25592 # 1504
25604 # 1504
25616 # 1504
25628 # 1504
25640 # 1504
25652 # 1504
25664 # 1504
25676 # 1504
25688 # 1504
25700 # 1504
25712 # 1504
25724 # 1504
25736 # 1504
25748 # 1504
25760 # 1504
25772 # 1504
25784 # 1504
25796 # 1504
25808 # 1504
25820 # 1504
25832 # 1504
25844 # 1504
25856 # 1504
25868 # 1504
25880 # 1504
25892 # 1504
25904 # 1504
25916 # 1504
25928 # 1504
25940 # 1504
25952 # 1504
25964 # 1504
25976 # 1504
25988 # 1504
26000 # 1504
26012 # 1504
26024 # 1504
26036 # 1504
26048 # 1504
26060 # 1504
26072 # 1504
26084 # 1504
26096 # 1504
26108 # 1504
26120 # 1504
26132 # 1504
26144 # 1504
26156 # 1504
26168 # 1504
26180 # 1504
26192 # 1504
26204 # 1504
26216 # 1504
26228 # 1504
26240 # 1504
26252 # 1504
26264 # 1504
26276 # 1504
26288 # 1504
26300 # 1504
26312 # 1504
26324 # 1504
26336 # 1504
26348 # 1504
26360 # 1504
26372 # 1504
26384 # 1504
26396 # 1504
26408 # 1504
26420 # 1504
26432 # 1504
26444 # 1504
26456 # 1504
26468 # 1504
26480 # 1504
26492 # 1504
26504 # 1504
26516 # 1504
26528 # 1504
26540 # 1504
26552 # 1504
26564 # 1504
26576 # 1504
26588 # 1504
26600 # 1504
26612 # 1504
26624 # 1504
26636 # 1504
26648 # 1504
26660 # 1504
26672 # 1504
26684 # 1504
26696 # 1504
26708 # 1504
26720 # 1504
26732 # 1504
26744 # 1504
26756 # 1504
26768 # 1504
26780 # 1504
26792 # 1504
26804 # 1504
26816 # 1504
26828 # 1504
26840 # 1504
26852 # 1504
26864 # 1504
26876 # 1504
26888 # 1504
26900 # 1504
26912 # 1504
26924 # 1504
26936 # 1504
26948 # 1504
26960 # 1504
26972 # 1504
26984 # 1504
26996 # 1504
27008 # 1504
27020 # 1504
27032 # 1504
27044 # 1504
27056 # 1504
27068 # 1504
27080 # 1504
27092 # 1504
27104 # 1504
27116 # 1504
27128 # 1504
27140 # 1504
27152 # 1504
27164 # 1504
27176 # 1504
27188 # 1504
27200 # 1504
27212 # 1504
27224 # 1504
27236 # 1504
27248 # 1504
27260 # 1504
27272 # 1504
27284 # 1504
27296 # 1504
27308 # 1504
27320 # 1504
27332 # 1504
27344 # 1504
27356 # 1504
27368 # 1504
27380 # 1504
27392 # 1504
27404 # 1504
27416 # 1504
27428 # 1504
27440 # 1504
27452 # 1504
27464 # 1504
27476 # 1504
27488 # 1504
27500 # 1504
27512 # 1504
27524 # 1504
27536 # 1504
27548 # 1504
27560 # 1504
27572 # 1504
27584 # 1504
27596 # 1504
27608 # 1504
27620 # 1504
27632 # 1504
27644 # 1504
27656 # 1504
27668 # 1504
27680 # 1504
27692 # 1504
27704 # 1504
27716 # 1504
27728 # 1504
27740 # 1504
27752 # 1504
27764 # 1504
27776 # 1504
27788 # 1504
27800 # 1504
27812 # 1504
27824 # 1504
27836 # 1504
27848 # 1504
27860 # 1504
27872 # 1504
27884 # 1504
27896 # 1504
27908 # 1504
27920 # 1504
27932 # 1504
27944 # 1504
27956 # 1504
27968 # 1504
27980 # 1504
27992 # 1504
28004 # 1504
28016 # 1504
28028 # 1504
28040 # 1504
28052 # 1504
28064 # 1504
28076 # 1504
28088 # 1504
28100 # 1504
28112 # 1504
28124 # 1504
28136 # 1504
28148 # 1504
28160 # 1504
28172 # 1504
28184 # 1504
28196 # 1504
28208 # 1504
28220 # 1504
28232 # 1504
28244 # 1504
28256 # 1504
28268 # 1504
28280 # 1504
28292 # 1504
28304 # 1504
28316 # 1504
28328 # 1504
28340 # 1504
28352 # 1504
28364 # 1504
28376 # 1504
28388 # 1504
28400 # 1504
28412 # 1504
28424 # 1504
28436 # 1504
28448 # 1504
28460 # 1504
28472 # 1504
28484 # 1504
28496 # 1504
28508 # 1504
28520 # 1504
28532 # 1504
28544 # 1504
28556 # 1504
28568 # 1504
28580 # 1504
28592 # 1504
28604 # 1504
28616 # 1504
28628 # 1504
28640 # 1504
28652 # 1504
28664 # 1504
28676 # 1504
28688 # 1504
28700 # 1504
28712 # 1504
28724 # 1504
28736 # 1504
28748 # 1504
28760 # 1504
28772 # 1504
28784 # 1504
28796 # 1504
28808 # 1504
28820 # 1504
28832 # 1504
28844 # 1504
28856 # 1504
28868 # 1504
28880 # 1504
28892 # 1504
28904 # 1504
28916 # 1504
28928 # 1504
28940 # 1504
28952 # 1504
28964 # 1504
28976 # 1504
28988 # 1504
29000 # 1504
29012 # 1504
29024 # 1504
29036 # 1504
29048 # 1504
29060 # 1504
29072 # 1504
29084 # 1504
29096 # 1504
29108 # 1504
29120 # 1504
29132 # 1504
29144 # 1504
29156 # 1504
29168 # 1504
29180 # 1504
29192 # 1504
29204 # 1504
29216 # 1504
29228 # 1504
29240 # 1504
29252 # 1504
29264 # 1504
29276 # 1504
29288 # 1504
29300 # 1504
29312 # 1504
29324 # 1504
29336 # 1504
29348 # 1504
29360 # 1504
29372 # 1504
29384 # 1504
29396 # 1504
29408 # 1504
29420 # 1504
29432 # 1504
29444 # 1504
29456 # 1504
29468 # 1504
29480 # 1504
29492 # 1504
29504 # 1504
29516 # 1504
29528 # 1504
29540 # 1504
29552 # 1504
29564 # 1504
29576 # 1504
29588 # 1504
29600 # 1504
29612 # 1504
29624 # 1504
29636 # 1504
29648 # 1504
29660 # 1504
29672 # 1504
29684 # 1504
29696 # 1504
29708 # 1504
29720 # 1504
29732 # 1504
29744 # 1504
29756 # 1504
29768 # 1504
29780 # 1504
29792 # 1504
29804 # 1504
29816 # 1504
29828 # 1504
29840 # 1504
29852 # 1504
29864 # 1504
29876 # 1504
29888 # 1504
29900 # 1504
29912 # 1504
29924 # 1504
29936 # 1504
29948 # 1504
29960 # 1504
29972 # 1504
29984 # 1504
29996 # 1504
30008 # 1504
30020 # 1504
30032 # 1504
30044 # 1504
30056 # 1504
30068 # 1504
30080 # 1504
30092 # 1504
30104 # 1504
30116 # 1504
30128 # 1504
30140 # 1504
30152 # 1504
30164 # 1504
30176 # 1504
30188 # 1504
30200 # 1504
30212 # 1504
30224 # 1504
30236 # 1504
30248 # 1504
30260 # 1504
30272 # 1504
30284 # 1504
30296 # 1504
30308 # 1504
30320 # 1504
30332 # 1504
30344 # 1504
30356 # 1504
30368 # 1504
30380 # 1504
30392 # 1504
30404 # 1504
30416 # 1504
30428 # 1504
30440 # 1504
30452 # 1504
30464 # 1504
30476 # 1504
30488 # 1504
30500 # 1504
30512 # 1504
30524 # 1504
30536 # 1504
30548 # 1504
30560 # 1504
30572 # 1504
30584 # 1504
30596 # 1504
30608 # 1504
30620 # 1504
30632 # 1504
30644 # 1504
30655 + 52
30656 # 1504
30656 - 52 1
30668 # 1504
30680 # 1504
30692 # 1504
30704 # 1504
30716 # 1504
30728 # 1504
30740 # 1504
30752 # 1504
30764 # 1504
30776 # 1504
30788 # 1504
30800 # 1504
30812 # 1504
30824 # 1504
30836 # 1504
30848 # 1504
30860 # 1504
30872 # 1504
30884 # 1504
30896 # 1504
30908 # 1504
30920 # 1504
30932 # 1504
30944 # 1504
30956 # 1504
30968 # 1504
30980 # 1504
30992 # 1504
31004 # 1504
31016 # 1504
31028 # 1504
31040 # 1504
31052 # 1504
31064 # 1504
31076 # 1504
31088 # 1504
31100 # 1504
31112 # 1504
31124 # 1504
31136 # 1504
31148 # 1504
31160 # 1504
31172 # 1504
31184 # 1504
31196 # 1504
31208 # 1504
31220 # 1504
31232 # 1504
31244 # 1504
31256 # 1504
31268 # 1504
31280 # 1504
31292 # 1504
31304 # 1504
31316 # 1504
31328 # 1504
31340 # 1504
31352 # 1504
31364 # 1504
31376 # 1504
31388 # 1504
31400 # 1504
31412 # 1504
31424 # 1504
31436 # 1504
31448 # 1504
31460 # 1504
31472 # 1504
31484 # 1504
31496 # 1504
31508 # 1504
31520 # 1504
31532 # 1504
31544 # 1504
31556 # 1504
31568 # 1504
31580 # 1504
31592 # 1504
31604 # 1504
31616 # 1504
31628 # 1504
31640 # 1504
31652 # 1504
31664 # 1504
31676 # 1504
31688 # 1504
31700 # 1504
31712 # 1504
31724 # 1504
31736 # 1504
31748 # 1504
31760 # 1504
31772 # 1504
31784 # 1504
31796 # 1504
31808 # 1504
31820 # 1504
31832 # 1504
31844 # 1504
31856 # 1504
31868 # 1504
31880 # 1504
31892 # 1504
31904 # 1504
31916 # 1504
31928 # 1504
31940 # 1504
31952 # 1504
31964 # 1504
31976 # 1504
31988 # 1504
32000 # 1504
32012 # 1504
32024 # 1504
32036 # 1504
32048 # 1504
32060 # 1504
32072 # 1504
32084 # 1504
32096 # 1504
32108 # 1504
32120 # 1504
32132 # 1504
32144 # 1504
32156 # 1504
32168 # 1504
32180 # 1504
32192 # 1504
32204 # 1504
32216 # 1504
32228 # 1504
32240 # 1504
32252 # 1504
32264 # 1504
32276 # 1504
32288 # 1504
32300 # 1504
32312 # 1504
32324 # 1504
32336 # 1504
32348 # 1504
32360 # 1504
32372 # 1504
32384 # 1504
32396 # 1504
32408 # 1504
32420 # 1504
32432 # 1504
32444 # 1504
32456 # 1504
32468 # 1504
32480 # 1504
32492 # 1504
32504 # 1504
32516 # 1504
32528 # 1504
32540 # 1504
32552 # 1504
32564 # 1504
32576 # 1504
32588 # 1504
32600 # 1504
32612 # 1504
32624 # 1504
32636 # 1504
32648 # 1504
32660 # 1504
32672 # 1504
32684 # 1504
32696 # 1504
32708 # 1504
32720 # 1504
32732 # 1504
32744 # 1504
32756 # 1504
32768 # 1504
32780 # 1504
32792 # 1504
32804 # 1504
32816 # 1504
32828 # 1504
32840 # 1504
32852 # 1504
32864 # 1504
32876 # 1504
32888 # 1504
32900 # 1504
32912 # 1504
32924 # 1504
32936 # 1504
32948 # 1504
32960 # 1504
32972 # 1504
32984 # 1504
32996 # 1504
33008 # 1504
33020 # 1504
33032 # 1504
33044 # 1504
33056 # 1504
33068 # 1504
33080 # 1504
33092 # 1504
33104 # 1504
33116 # 1504
33128 # 1504
33140 # 1504
33152 # 1504
33164 # 1504
33176 # 1504
33188 # 1504
33200 # 1504
33212 # 1504
33224 # 1504
33236 # 1504
33248 # 1504
33260 # 1504
33272 # 1504
33284 # 1504
33296 # 1504
33308 # 1504
33320 # 1504
33332 # 1504
33344 # 1504
33356 # 1504
33368 # 1504
33380 # 1504
33392 # 1504
33404 # 1504
33416 # 1504
33428 # 1504
33440 # 1504
33452 # 1504
33464 # 1504
33476 # 1504
33488 # 1504
33500 # 1504
33512 # 1504
33524 # 1504
33536 # 1504
33548 # 1504
33560 # 1504
33572 # 1504
33584 # 1504
33596 # 1504
33608 # 1504
33620 # 1504
33632 # 1504
33644 # 1504
33656 # 1504
33668 # 1504
33680 # 1504
33692 # 1504
33704 # 1504
33716 # 1504
33728 # 1504
33740 # 1504
33752 # 1504
33764 # 1504
33776 # 1504
33788 # 1504
33800 # 1504
33812 # 1504
33824 # 1504
33836 # 1504
33848 # 1504
33860 # 1504
33872 # 1504
33884 # 1504
33896 # 1504
33908 # 1504
33920 # 1504
33932 # 1504
33944 # 1504
33956 # 1504
33968 # 1504
33980 # 1504
33992 # 1504
34004 # 1504
34016 # 1504
34028 # 1504
34040 # 1504
34052 # 1504
34064 # 1504
34076 # 1504
34088 # 1504
34100 # 1504
34112 # 1504
34124 # 1504
34136 # 1504
34148 # 1504
34160 # 1504
34172 # 1504
34184 # 1504
34196 # 1504
34208 # 1504
34220 # 1504
34232 # 1504
34244 # 1504
34256 # 1504
34268 # 1504
34280 # 1504
34292 # 1504
34304 # 1504
34316 # 1504
34328 # 1504
34340 # 1504
34352 # 1504
34364 # 1504
34376 # 1504
34388 # 1504
34400 # 1504
34412 # 1504
34424 # 1504
34436 # 1504
34448 # 1504
34460 # 1504
34472 # 1504
34484 # 1504
34496 # 1504
34508 # 1504
34520 # 1504
34532 # 1504
34544 # 1504
34556 # 1504
34568 # 1504
34580 # 1504
34592 # 1504
34604 # 1504
34616 # 1504
34628 # 1504
34640 # 1504
34652 # 1504
34664 # 1504
34676 # 1504
34688 # 1504
34700 # 1504
34712 # 1504
34724 # 1504
34736 # 1504
34748 # 1504
34760 # 1504
34772 # 1504
34784 # 1504
34796 # 1504
34808 # 1504
34820 # 1504
34832 # 1504
34844 # 1504
34856 # 1504
34868 # 1504
34880 # 1504
34892 # 1504
34904 # 1504
34916 # 1504
34928 # 1504
34940 # 1504
34952 # 1504
34964 # 1504
34976 # 1504
34988 # 1504
35000 # 1504
35012 # 1504
35024 # 1504
35036 # 1504
35048 # 1504
35060 # 1504
35072 # 1504
35084 # 1504
35096 # 1504
35108 # 1504
35120 # 1504
35132 # 1504
35144 # 1504
35156 # 1504
35168 # 1504
35180 # 1504
35192 # 1504
35204 # 1504
35216 # 1504
35228 # 1504
35240 # 1504
35252 # 1504
35264 # 1504
35276 # 1504
35288 # 1504
35300 # 1504
35312 # 1504
35324 # 1504
35336 # 1504
35348 # 1504
35360 # 1504
35372 # 1504
35384 # 1504
35396 # 1504
35408 # 1504
35420 # 1504
35432 # 1504
35444 # 1504
35456 # 1504
35468 # 1504
35480 # 1504
35492 # 1504
35504 # 1504
35516 # 1504
35528 # 1504
35540 # 1504
35552 # 1504
35564 # 1504
35576 # 1504
35588 # 1504
35600 # 1504
35612 # 1504
35624 # 1504
35636 # 1504
35648 # 1504
35660 # 1504
35672 # 1504
35684 # 1504
35696 # 1504
35708 # 1504
35720 # 1504
35732 # 1504
35744 # 1504
35756 # 1504
35768 # 1504
35780 # 1504
35792 # 1504
35804 # 1504
35816 # 1504
35828 # 1504
35840 # 1504
35852 # 1504
35864 # 1504
35876 # 1504
35888 # 1504
35900 # 1504
35912 # 1504
35924 # 1504
35936 # 1504
35948 # 1504
35960 # 1504
35972 # 1504
35984 # 1504
35996 # 1504
36008 # 1504
36020 # 1504
36032 # 1504
36044 # 1504
36056 # 1504
36068 # 1504
36080 # 1504
36092 # 1504
36104 # 1504
36116 # 1504
36128 # 1504
36140 # 1504
36152 # 1504
36164 # 1504
36176 # 1504
36188 # 1504
36200 # 1504
36212 # 1504
36224 # 1504
36236 # 1504
36248 # 1504
36260 # 1504
36272 # 1504
36284 # 1504
36296 # 1504
36308 # 1504
36320 # 1504
36332 # 1504
36344 # 1504
36356 # 1504
36368 # 1504
36380 # 1504
36392 # 1504
36404 # 1504
36416 # 1504
36428 # 1504
36440 # 1504
36452 # 1504
36464 # 1504
36476 # 1504
36488 # 1504
36500 # 1504
36512 # 1504
36524 # 1504
36536 # 1504
36548 # 1504
36560 # 1504
36572 # 1504
36584 # 1504
36596 # 1504
36608 # 1504
36620 # 1504
36632 # 1504
36644 # 1504
36656 # 1504
36668 # 1504
36680 # 1504
36692 # 1504
36704 # 1504
36716 # 1504
36728 # 1504
36740 # 1504
36752 # 1504
36764 # 1504
36776 # 1504
36788 # 1504
36800 # 1504
36812 # 1504
36824 # 1504
36836 # 1504
36848 # 1504
36860 # 1504
36872 # 1504
36884 # 1504
36896 # 1504
36908 # 1504
36920 # 1504
36932 # 1504
36944 # 1504
36956 # 1504
36968 # 1504
36980 # 1504
36992 # 1504
37004 # 1504
37016 # 1504
37028 # 1504
37040 # 1504
37052 # 1504
37064 # 1504
37076 # 1504
37088 # 1504
37100 # 1504
37112 # 1504
37124 # 1504
37136 # 1504
37148 # 1504
37160 # 1504
37172 # 1504
37184 # 1504
37196 # 1504
37208 # 1504
37220 # 1504
37232 # 1504
37244 # 1504
37256 # 1504
37268 # 1504
37280 # 1504
37292 # 1504
37304 # 1504
37316 # 1504
37328 # 1504
37340 # 1504
37352 # 1504
37364 # 1504
37376 # 1504
37388 # 1504
37400 # 1504
37412 # 1504
37424 # 1504
37436 # 1504
37448 # 1504
37460 # 1504
37472 # 1504
37484 # 1504
37496 # 1504
37508 # 1504
37520 # 1504
37532 # 1504
37544 # 1504
37556 # 1504
37568 # 1504
37580 # 1504
37592 # 1504
37604 # 1504
37616 # 1504
37628 # 1504
37640 # 1504
37652 # 1504
37664 # 1504
37676 # 1504
37688 # 1504
37700 # 1504
37712 # 1504
37724 # 1504
37736 # 1504
37748 # 1504
37760 # 1504
37772 # 1504
37784 # 1504
37796 # 1504
37808 # 1504
37820 # 1504
37832 # 1504
37844 # 1504
37856 # 1504
37868 # 1504
37880 # 1504
37892 # 1504
37904 # 1504
37916 # 1504
37928 # 1504
37940 # 1504
37952 # 1504
37964 # 1504
37976 # 1504
37988 # 1504
38000 # 1504
38012 # 1504
38024 # 1504
38036 # 1504
38048 # 1504
38060 # 1504
38072 # 1504
38084 # 1504
38096 # 1504
38108 # 1504
38120 # 1504
38132 # 1504
38144 # 1504
38156 # 1504
38168 # 1504
38180 # 1504
38192 # 1504
38204 # 1504
38216 # 1504
38228 # 1504
38240 # 1504
38252 # 1504
38264 # 1504
38276 # 1504
38288 # 1504
38300 # 1504
38312 # 1504
38324 # 1504
38336 # 1504
38348 # 1504
38360 # 1504
38372 # 1504
38384 # 1504
38396 # 1504
38408 # 1504
38420 # 1504
38432 # 1504
38444 # 1504
38456 # 1504
38468 # 1504
38480 # 1504
38492 # 1504
38504 # 1504
38516 # 1504
38528 # 1504
38540 # 1504
38552 # 1504
38564 # 1504
38576 # 1504
38588 # 1504
38600 # 1504
38612 # 1504
38624 # 1504
38636 # 1504
38648 # 1504
38660 # 1504
38672 # 1504
38684 # 1504
38696 # 1504
38708 # 1504
38720 # 1504
38732 # 1504
38744 # 1504
38756 # 1504
38768 # 1504
38780 # 1504
38792 # 1504
38804 # 1504
38816 # 1504
38828 # 1504
38840 # 1504
38852 # 1504
38864 # 1504
38876 # 1504
38888 # 1504
38900 # 1504
38912 # 1504
38924 # 1504
38936 # 1504
38948 # 1504
38960 # 1504
38972 # 1504
38984 # 1504
38996 # 1504
39008 # 1504
39020 # 1504
39032 # 1504
39044 # 1504
39056 # 1504
39068 # 1504
39080 # 1504
39092 # 1504
39104 # 1504
39116 # 1504
39128 # 1504
39140 # 1504
39152 # 1504
39164 # 1504
39176 # 1504
39188 # 1504
39200 # 1504
39212 # 1504
39224 # 1504
39236 # 1504
39248 # 1504
39260 # 1504
39272 # 1504
39284 # 1504
39296 # 1504
39308 # 1504
39320 # 1504
39332 # 1504
39344 # 1504
39356 # 1504
39368 # 1504
39380 # 1504
39392 # 1504
39404 # 1504
39416 # 1504
39428 # 1504
39440 # 1504
39452 # 1504
39464 # 1504
39476 # 1504
39488 # 1504
39500 # 1504
39512 # 1504
39524 # 1504
39536 # 1504
39548 # 1504
39560 # 1504
39572 # 1504
39584 # 1504
39596 # 1504
39608 # 1504
39620 # 1504
39632 # 1504
39644 # 1504
39656 # 1504
39668 # 1504
39680 # 1504
39692 # 1504
39704 # 1504
39716 # 1504
39728 # 1504
39740 # 1504
39752 # 1504
39764 # 1504
39776 # 1504
39788 # 1504
39800 # 1504
39812 # 1504
39824 # 1504
39836 # 1504
39848 # 1504
39860 # 1504
39872 # 1504
39884 # 1504
39896 # 1504
39908 # 1504
39920 # 1504
39932 # 1504
39944 # 1504
39956 # 1504
39968 # 1504
39980 # 1504
39992 # 1504
40004 # 1504
40016 # 1504
40028 # 1504
40040 # 1504
40052 # 1504
40064 # 1504
40076 # 1504
40088 # 1504
40100 # 1504
40112 # 1504
40124 # 1504
40136 # 1504
40148 # 1504
40160 # 1504
40172 # 1504
40184 # 1504
40196 # 1504
40208 # 1504
40220 # 1504
40232 # 1504
40244 # 1504
40256 # 1504
40268 # 1504
40280 # 1504
40292 # 1504
40304 # 1504
40316 # 1504
40328 # 1504
40340 # 1504
40352 # 1504
40364 # 1504
40376 # 1504
40388 # 1504
40400 # 1504
40412 # 1504
40424 # 1504
40436 # 1504
40448 # 1504
40460 # 1504
40472 # 1504
40484 # 1504
40496 # 1504
40508 # 1504
40520 # 1504
40532 # 1504
40544 # 1504
40556 # 1504
40568 # 1504
40580 # 1504
40592 # 1504
40604 # 1504
40616 # 1504
40628 # 1504
40640 # 1504
40652 # 1504
40664 # 1504
40676 # 1504
40688 # 1504
40700 # 1504
40712 # 1504
40724 # 1504
40736 # 1504
40748 # 1504
40760 # 1504
40772 # 1504
40784 # 1504
40796 # 1504
40808 # 1504
40820 # 1504
40832 # 1504
40844 # 1504
40856 # 1504
40868 # 1504
40880 # 1504
40892 # 1504
40904 # 1504
40916 # 1504
40928 # 1504
40940 # 1504
40952 # 1504
40964 # 1504
40976 # 1504
40988 # 1504
41000 # 1504
41012 # 1504
41024 # 1504
41036 # 1504
41048 # 1504
41060 # 1504
41072 # 1504
41084 # 1504
41096 # 1504
41108 # 1504
41120 # 1504
41132 # 1504
41144 # 1504
41156 # 1504
41168 # 1504
41180 # 1504
41192 # 1504
41204 # 1504
41216 # 1504
41228 # 1504
41240 # 1504
41252 # 1504
41264 # 1504
41276 # 1504
41288 # 1504
41300 # 1504
41312 # 1504
41324 # 1504
41336 # 1504
41348 # 1504
41360 # 1504
41372 # 1504
41384 # 1504
41396 # 1504
41408 # 1504
41420 # 1504
41432 # 1504
41444 # 1504
41456 # 1504
41468 # 1504
41480 # 1504
41492 # 1504
41504 # 1504
41516 # 1504
41528 # 1504
41540 # 1504
41552 # 1504
41564 # 1504
41576 # 1504
41588 # 1504
41600 # 1504
41612 # 1504
41624 # 1504
41636 # 1504
41648 # 1504
41660 # 1504
41672 # 1504
41684 # 1504
41696 # 1504
41708 # 1504
41720 # 1504
41732 # 1504
41744 # 1504
41756 # 1504
41768 # 1504
41780 # 1504
41792 # 1504
41804 # 1504
41816 # 1504
41828 # 1504
41840 # 1504
41852 # 1504
41864 # 1504
41876 # 1504
41888 # 1504
41900 # 1504
41912 # 1504
41924 # 1504
41936 # 1504
41948 # 1504
41960 # 1504
41972 # 1504
41984 # 1504
41996 # 1504
42008 # 1504
42020 # 1504
42032 # 1504
42044 # 1504
42056 # 1504
42068 # 1504
42080 # 1504
42092 # 1504
42104 # 1504
42116 # 1504
42128 # 1504
42140 # 1504
42152 # 1504
42164 # 1504
42176 # 1504
42188 # 1504
42200 # 1504
42212 # 1504
42224 # 1504
42236 # 1504
42248 # 1504
42260 # 1504
42272 # 1504
42284 # 1504
42296 # 1504
42308 # 1504
42320 # 1504
42332 # 1504
42344 # 1504
42356 # 1504
42368 # 1504
42380 # 1504
42392 # 1504
42404 # 1504
42416 # 1504
42428 # 1504
42440 # 1504
42452 # 1504
42464 # 1504
42476 # 1504
42488 # 1504
42500 # 1504
42512 # 1504
42524 # 1504
42536 # 1504
42548 # 1504
42560 # 1504
42572 # 1504
42584 # 1504
42596 # 1504
42608 # 1504
42620 # 1504
42632 # 1504
42644 # 1504
42656 # 1504
42668 # 1504
42680 # 1504
42692 # 1504
42704 # 1504
42716 # 1504
42728 # 1504
42740 # 1504
42752 # 1504
42764 # 1504
42776 # 1504
42788 # 1504
42800 # 1504
42812 # 1504
42824 # 1504
42836 # 1504
42848 # 1504
42860 # 1504
42872 # 1504
42884 # 1504
42896 # 1504
42908 # 1504
42920 # 1504
42932 # 1504
42944 # 1504
42956 # 1504
42968 # 1504
42980 # 1504
42992 # 1504
43004 # 1504
43016 # 1504
43028 # 1504
43040 # 1504
43052 # 1504
43064 # 1504
43076 # 1504
43088 # 1504
43100 # 1504
43112 # 1504
43124 # 1504
43136 # 1504
43148 # 1504
43160 # 1504
43172 # 1504
43184 # 1504
43196 # 1504
43208 # 1504
43220 # 1504
43232 # 1504
43244 # 1504
43256 # 1504
43268 # 1504
43280 # 1504
43292 # 1504
43304 # 1504
43316 # 1504
43328 # 1504
43340 # 1504
43352 # 1504
43364 # 1504
43376 # 1504
43388 # 1504
43400 # 1504
43412 # 1504
43424 # 1504
43436 # 1504
43448 # 1504
43460 # 1504
43472 # 1504
43484 # 1504
43496 # 1504
43508 # 1504
43520 # 1504
43532 # 1504
43544 # 1504
43556 # 1504
43568 # 1504
43580 # 1504
43592 # 1504
43604 # 1504
43616 # 1504
43628 # 1504
43640 # 1504
43652 # 1504
43664 # 1504
43676 # 1504
43688 # 1504
43700 # 1504
43712 # 1504
43724 # 1504
43736 # 1504
43748 # 1504
43760 # 1504
43772 # 1504
43784 # 1504
43796 # 1504
43808 # 1504
43820 # 1504
43832 # 1504
43844 # 1504
43856 # 1504
43868 # 1504
43880 # 1504
43892 # 1504
43904 # 1504
43916 # 1504
43928 # 1504
43940 # 1504
43952 # 1504
43964 # 1504
43976 # 1504
43988 # 1504
44000 # 1504
44012 # 1504
44024 # 1504
44036 # 1504
44048 # 1504
44060 # 1504
44072 # 1504
44084 # 1504
44096 # 1504
44108 # 1504
44120 # 1504
44132 # 1504
44144 # 1504
44156 # 1504
44168 # 1504
44180 # 1504
44192 # 1504
44204 # 1504
44216 # 1504
44228 # 1504
44240 # 1504
44252 # 1504
44264 # 1504
44276 # 1504
44288 # 1504
44300 # 1504
44312 # 1504
44324 # 1504
44336 # 1504
44348 # 1504
44360 # 1504
44372 # 1504
44384 # 1504
44396 # 1504
44408 # 1504
44420 # 1504
44432 # 1504
44444 # 1504
44456 # 1504
44468 # 1504
44480 # 1504
44492 # 1504
44504 # 1504
44516 # 1504
44528 # 1504
44540 # 1504
44552 # 1504
44564 # 1504
44576 # 1504
44588 # 1504
44600 # 1504
44612 # 1504
44624 # 1504
44636 # 1504
44648 # 1504
44660 # 1504
44672 # 1504
44684 # 1504
44696 # 1504
44708 # 1504
44720 # 1504
44732 # 1504
44744 # 1504
44756 # 1504
44768 # 1504
44780 # 1504
44792 # 1504
44804 # 1504
44816 # 1504
44828 # 1504
44840 # 1504
44852 # 1504
44864 # 1504
44876 # 1504
44888 # 1504
44900 # 1504
44912 # 1504
44924 # 1504
44936 # 1504
44948 # 1504
44960 # 1504
44972 # 1504
44984 # 1504
44996 # 1504
45008 # 1504
45020 # 1504
45032 # 1504
45044 # 1504
45056 # 1504
45068 # 1504
45080 # 1504
45092 # 1504
45104 # 1504
45116 # 1504
45128 # 1504
45140 # 1504
45152 # 1504
45164 # 1504
45176 # 1504
45188 # 1504
45200 # 1504
45212 # 1504
45224 # 1504
45236 # 1504
45248 # 1504
45260 # 1504
45272 # 1504
45284 # 1504
45296 # 1504
45308 # 1504
45320 # 1504
45332 # 1504
45344 # 1504
45356 # 1504
45368 # 1504
45380 # 1504
45392 # 1504
45404 # 1504
45416 # 1504
45428 # 1504
45440 # 1504
45452 # 1504
45464 # 1504
45476 # 1504
45488 # 1504
45500 # 1504
45512 # 1504
45524 # 1504
45536 # 1504
45548 # 1504
45560 # 1504
45572 # 1504
45584 # 1504
45596 # 1504
45608 # 1504
45620 # 1504
45632 # 1504
45644 # 1504
45656 # 1504
45668 # 1504
45680 # 1504
45692 # 1504
45704 # 1504
45716 # 1504
45728 # 1504
45740 # 1504
45752 # 1504
45764 # 1504
45776 # 1504
45788 # 1504
45800 # 1504
45812 # 1504
45824 # 1504
45836 # 1504
45848 # 1504
45860 # 1504
45872 # 1504
45884 # 1504
45896 # 1504
45908 # 1504
45920 # 1504
45932 # 1504
45944 # 1504
45956 # 1504
45968 # 1504
45980 # 1504
45992 # 1504
46004 # 1504
46016 # 1504
46028 # 1504
46040 # 1504
46052 # 1504
46064 # 1504
46076 # 1504
46088 # 1504
46100 # 1504
46112 # 1504
46124 # 1504
46136 # 1504
46148 # 1504
46160 # 1504
46172 # 1504
46184 # 1504
46196 # 1504
46208 # 1504
46220 # 1504
46232 # 1504
46244 # 1504
46256 # 1504
46268 # 1504
46280 # 1504
46292 # 1504
46304 # 1504
46316 # 1504
46328 # 1504
46340 # 1504
46352 # 1504
46364 # 1504
46376 # 1504
46388 # 1504
46400 # 1504
46412 # 1504
46424 # 1504
46436 # 1504
46448 # 1504
46460 # 1504
46472 # 1504
46484 # 1504
46496 # 1504
46508 # 1504
46520 # 1504
46532 # 1504
46544 # 1504
46556 # 1504
46568 # 1504
46580 # 1504
46592 # 1504
46604 # 1504
46616 # 1504
46628 # 1504
46640 # 1504
46652 # 1504
46664 # 1504
46676 # 1504
46688 # 1504
46700 # 1504
46712 # 1504
46724 # 1504
46736 # 1504
46748 # 1504
46760 # 1504
46772 # 1504
46784 # 1504
46796 # 1504
46808 # 1504
46820 # 1504
46832 # 1504
46844 # 1504
46856 # 1504
46868 # 1504
46880 # 1504
46892 # 1504
46904 # 1504
46916 # 1504
46928 # 1504
46940 # 1504
46952 # 1504
46964 # 1504
46976 # 1504
46988 # 1504
47000 # 1504
47012 # 1504
47024 # 1504
47036 # 1504
47048 # 1504
47060 # 1504
47072 # 1504
47084 # 1504
47096 # 1504
47108 # 1504
47120 # 1504
47132 # 1504
47144 # 1504
47156 # 1504
47168 # 1504
47180 # 1504
47192 # 1504
47204 # 1504
47216 # 1504
47228 # 1504
47240 # 1504
47252 # 1504
47264 # 1504
47276 # 1504
47288 # 1504
47300 # 1504
47312 # 1504
47324 # 1504
47336 # 1504
47348 # 1504
47360 # 1504
47372 # 1504
47384 # 1504
47396 # 1504
47408 # 1504
47420 # 1504
47432 # 1504
47444 # 1504
47456 # 1504
47468 # 1504
47480 # 1504
47492 # 1504
47504 # 1504
47516 # 1504
47528 # 1504
47540 # 1504
47552 # 1504
47564 # 1504
47576 # 1504
47588 # 1504
47600 # 1504
47612 # 1504
47624 # 1504
47636 # 1504
47648 # 1504
47660 # 1504
47672 # 1504
47684 # 1504
47696 # 1504
47708 # 1504
47720 # 1504
47732 # 1504
47744 # 1504
47756 # 1504
47768 # 1504
47780 # 1504
47792 # 1504
47804 # 1504
47816 # 1504
47828 # 1504
47840 # 1504
47852 # 1504
47864 # 1504
47876 # 1504
47888 # 1504
47900 # 1504
47912 # 1504
47924 # 1504
47936 # 1504
47948 # 1504
47960 # 1504
47972 # 1504
47984 # 1504
47996 # 1504
48008 # 1504
48020 # 1504
48032 # 1504
48044 # 1504
48056 # 1504
48068 # 1504
48080 # 1504
48092 # 1504
48104 # 1504
48116 # 1504
48128 # 1504
48140 # 1504
48152 # 1504
48164 # 1504
48176 # 1504
48188 # 1504
48200 # 1504
48212 # 1504
48224 # 1504
48236 # 1504
48248 # 1504
48260 # 1504
48272 # 1504
48284 # 1504
48296 # 1504
48308 # 1504
48320 # 1504
48332 # 1504
48344 # 1504
48356 # 1504
48368 # 1504
48380 # 1504
48392 # 1504
48404 # 1504
48416 # 1504
48428 # 1504
48440 # 1504
48452 # 1504
48464 # 1504
48476 # 1504
48488 # 1504
48500 # 1504
48512 # 1504
48524 # 1504
48536 # 1504
48548 # 1504
48560 # 1504
48572 # 1504
48584 # 1504
48596 # 1504
48608 # 1504
48620 # 1504
48632 # 1504
48644 # 1504
48656 # 1504
48668 # 1504
48680 # 1504
48692 # 1504
48704 # 1504
48716 # 1504
48728 # 1504
48740 # 1504
48752 # 1504
48764 # 1504
48776 # 1504
48788 # 1504
48800 # 1504
48812 # 1504
48824 # 1504
48836 # 1504
48848 # 1504
48860 # 1504
48872 # 1504
48884 # 1504
48896 # 1504
48908 # 1504
48920 # 1504
48932 # 1504
48944 # 1504
48956 # 1504
48968 # 1504
48980 # 1504
48992 # 1504
49004 # 1504
49016 # 1504
49028 # 1504
49040 # 1504
49052 # 1504
49064 # 1504
49076 # 1504
49088 # 1504
49100 # 1504
49112 # 1504
49124 # 1504
49136 # 1504
49148 # 1504
49160 # 1504
49172 # 1504
49184 # 1504
49196 # 1504
49208 # 1504
49220 # 1504
49232 # 1504
49244 # 1504
49256 # 1504
49268 # 1504
49280 # 1504
49292 # 1504
49304 # 1504
49316 # 1504
49328 # 1504
49340 # 1504
49352 # 1504
49364 # 1504
49376 # 1504
49388 # 1504
49400 # 1504
49412 # 1504
49424 # 1504
49436 # 1504
49448 # 1504
49460 # 1504
49472 # 1504
49484 # 1504
49496 # 1504
49508 # 1504
49520 # 1504
49532 # 1504
49544 # 1504
49556 # 1504
49568 # 1504
49580 # 1504
49592 # 1504
49604 # 1504
49616 # 1504
49628 # 1504
49640 # 1504
49652 # 1504
49664 # 1504
49676 # 1504
49688 # 1504
49700 # 1504
49712 # 1504
49724 # 1504
49736 # 1504
49748 # 1504
49760 # 1504
49772 # 1504
49784 # 1504
49796 # 1504
49808 # 1504
49820 # 1504
49832 # 1504
49844 # 1504
49856 # 1504
49868 # 1504
49880 # 1504
49892 # 1504
49904 # 1504
49916 # 1504
49928 # 1504
49940 # 1504
49952 # 1504
49964 # 1504
49976 # 1504
49988 # 1504
50000 # 1504
50012 # 1504
50024 # 1504
50036 # 1504
50048 # 1504
50060 # 1504
50072 # 1504
50084 # 1504
50096 # 1504
50108 # 1504
50120 # 1504
50132 # 1504
50144 # 1504
50156 # 1504
50168 # 1504
50180 # 1504
50192 # 1504
50204 # 1504
50216 # 1504
50228 # 1504
50240 # 1504
50252 # 1504
50264 # 1504
50276 # 1504
50288 # 1504
50300 # 1504
50312 # 1504
50324 # 1504
50336 # 1504
50348 # 1504
50360 # 1504
50372 # 1504
50384 # 1504
50396 # 1504
50408 # 1504
50420 # 1504
50432 # 1504
50444 # 1504
50456 # 1504
50468 # 1504
50480 # 1504
50492 # 1504
50504 # 1504
50516 # 1504
50528 # 1504
50540 # 1504
50552 # 1504
50564 # 1504
50576 # 1504
50588 # 1504
50600 # 1504
50612 # 1504
50624 # 1504
50636 # 1504
50648 # 1504
50660 # 1504
50672 # 1504
50684 # 1504
50696 # 1504
50708 # 1504
50720 # 1504
50732 # 1504
50744 # 1504
50756 # 1504
50768 # 1504
50780 # 1504
50792 # 1504
50804 # 1504
50816 # 1504
50828 # 1504
50840 # 1504
50852 # 1504
50864 # 1504
50876 # 1504
50888 # 1504
50900 # 1504
50912 # 1504
50924 # 1504
50936 # 1504
50948 # 1504
50960 # 1504
50972 # 1504
50984 # 1504
50996 # 1504
51008 # 1504
51020 # 1504
51032 # 1504
51044 # 1504
51056 # 1504
51068 # 1504
51080 # 1504
51092 # 1504
51104 # 1504
51116 # 1504
51128 # 1504
51140 # 1504
51152 # 1504
51164 # 1504
51176 # 1504
51188 # 1504
51200 # 1504
51212 # 1504
51224 # 1504
51236 # 1504
51248 # 1504
51260 # 1504
51272 # 1504
51284 # 1504
51296 # 1504
51308 # 1504
51320 # 1504
51332 # 1504
51344 # 1504
51356 # 1504
51368 # 1504
51380 # 1504
51392 # 1504
51404 # 1504
51416 # 1504
51428 # 1504
51440 # 1504
51452 # 1504
51464 # 1504
51476 # 1504
51488 # 1504
51500 # 1504
51512 # 1504
51524 # 1504
51536 # 1504
51548 # 1504
51560 # 1504
51572 # 1504
51584 # 1504
51596 # 1504
51608 # 1504
51620 # 1504
51632 # 1504
51644 # 1504
51656 # 1504
51668 # 1504
51680 # 1504
51692 # 1504
51704 # 1504
51716 # 1504
51728 # 1504
51740 # 1504
51752 # 1504
51764 # 1504
51776 # 1504
51788 # 1504
51800 # 1504
51812 # 1504
51824 # 1504
51836 # 1504
51848 # 1504
51860 # 1504
51872 # 1504
51884 # 1504
51896 # 1504
51908 # 1504
51920 # 1504
51932 # 1504
51944 # 1504
51956 # 1504
51968 # 1504
51980 # 1504
51992 # 1504
52004 # 1504
52016 # 1504
52028 # 1504
52040 # 1504
52052 # 1504
52064 # 1504
52076 # 1504
52088 # 1504
52100 # 1504
52112 # 1504
52124 # 1504
52136 # 1504
52148 # 1504
52160 # 1504
52172 # 1504
52184 # 1504
52196 # 1504
52208 # 1504
52220 # 1504
52232 # 1504
52244 # 1504
52256 # 1504
52268 # 1504
52280 # 1504
52292 # 1504
52304 # 1504
52316 # 1504
52328 # 1504
52340 # 1504
52352 # 1504
52364 # 1504
52376 # 1504
52388 # 1504
52400 # 1504
52412 # 1504
52424 # 1504
52436 # 1504
52448 # 1504
52460 # 1504
52472 # 1504
52484 # 1504
52496 # 1504
52508 # 1504
52520 # 1504
52532 # 1504
52544 # 1504
52556 # 1504
52568 # 1504
52580 # 1504
52592 # 1504
52604 # 1504
52616 # 1504
52628 # 1504
52640 # 1504
52652 # 1504
52664 # 1504
52676 # 1504
52688 # 1504
52700 # 1504
52712 # 1504
52724 # 1504
52736 # 1504
52748 # 1504
52760 # 1504
52772 # 1504
52784 # 1504
52796 # 1504
52808 # 1504
52820 # 1504
52832 # 1504
52844 # 1504
52856 # 1504
52868 # 1504
52880 # 1504
52892 # 1504
52904 # 1504
52916 # 1504
52928 # 1504
52940 # 1504
52952 # 1504
52964 # 1504
52976 # 1504
52988 # 1504
53000 # 1504
53012 # 1504
53024 # 1504
53036 # 1504
53048 # 1504
53060 # 1504
53072 # 1504
53084 # 1504
53096 # 1504
53108 # 1504
53120 # 1504
53132 # 1504
53144 # 1504
53156 # 1504
53168 # 1504
53180 # 1504
53192 # 1504
53204 # 1504
53216 # 1504
53228 # 1504
53240 # 1504
53252 # 1504
53264 # 1504
53276 # 1504
53288 # 1504
53300 # 1504
53312 # 1504
53324 # 1504
53336 # 1504
53348 # 1504
53360 # 1504
53372 # 1504
53384 # 1504
53396 # 1504
53408 # 1504
53420 # 1504
53432 # 1504
53444 # 1504
53456 # 1504
53468 # 1504
53480 # 1504
53492 # 1504
53504 # 1504
53516 # 1504
53528 # 1504
53540 # 1504
53552 # 1504
53564 # 1504
53576 # 1504
53588 # 1504
53600 # 1504
53612 # 1504
53624 # 1504
53636 # 1504
53648 # 1504
53660 # 1504
53672 # 1504
53684 # 1504
53696 # 1504
53708 # 1504
53720 # 1504
53732 # 1504
53744 # 1504
53756 # 1504
53768 # 1504
53780 # 1504
53792 # 1504
53804 # 1504
53816 # 1504
53828 # 1504
53840 # 1504
53852 # 1504
53864 # 1504
53876 # 1504
53888 # 1504
53900 # 1504
53912 # 1504
53924 # 1504
53936 # 1504
53948 # 1504
53960 # 1504
53972 # 1504
53984 # 1504
53996 # 1504
54008 # 1504
54020 # 1504
54032 # 1504
54044 # 1504
54056 # 1504
54068 # 1504
54080 # 1504
54092 # 1504
54104 # 1504
54116 # 1504
54128 # 1504
54140 # 1504
54152 # 1504
54164 # 1504
54176 # 1504
54188 # 1504
54200 # 1504
54212 # 1504
54224 # 1504
54236 # 1504
54248 # 1504
54260 # 1504
54272 # 1504
54284 # 1504
54296 # 1504
54308 # 1504
54320 # 1504
54332 # 1504
54344 # 1504
54356 # 1504
54368 # 1504
54380 # 1504
54392 # 1504
54404 # 1504
54416 # 1504
54428 # 1504
54440 # 1504
54452 # 1504
54464 # 1504
54476 # 1504
54488 # 1504
54500 # 1504
54512 # 1504
54524 # 1504
54536 # 1504
54548 # 1504
54560 # 1504
54572 # 1504
54584 # 1504
54596 # 1504
54608 # 1504
54620 # 1504
54632 # 1504
54644 # 1504
54656 # 1504
54668 # 1504
54680 # 1504
54692 # 1504
54704 # 1504
54716 # 1504
54728 # 1504
54740 # 1504
54752 # 1504
54764 # 1504
54776 # 1504
54788 # 1504
54800 # 1504
54812 # 1504
54824 # 1504
54836 # 1504
54848 # 1504
54860 # 1504
54872 # 1504
54884 # 1504
54896 # 1504
54908 # 1504
54920 # 1504
54932 # 1504
54944 # 1504
54956 # 1504
54968 # 1504
54980 # 1504
54992 # 1504
55004 # 1504
55016 # 1504
55028 # 1504
55040 # 1504
55052 # 1504
55064 # 1504
55076 # 1504
55088 # 1504
55100 # 1504
55112 # 1504
55124 # 1504
55136 # 1504
55148 # 1504
55160 # 1504
55172 # 1504
55184 # 1504
55196 # 1504
55208 # 1504
55220 # 1504
55232 # 1504
55244 # 1504
55256 # 1504
55268 # 1504
55280 # 1504
55292 # 1504
55304 # 1504
55316 # 1504
55328 # 1504
55340 # 1504
55352 # 1504
55364 # 1504
55376 # 1504
55388 # 1504
55400 # 1504
55412 # 1504
55424 # 1504
55436 # 1504
55448 # 1504
55460 # 1504
55472 # 1504
55484 # 1504
55496 # 1504
55508 # 1504
55520 # 1504
55532 # 1504
55544 # 1504
55556 # 1504
55568 # 1504
55580 # 1504
55592 # 1504
55604 # 1504
55616 # 1504
55628 # 1504
55640 # 1504
55652 # 1504
55664 # 1504
55676 # 1504
55688 # 1504
55700 # 1504
55712 # 1504
55724 # 1504
55736 # 1504
55748 # 1504
55760 # 1504
55772 # 1504
55784 # 1504
55796 # 1504
55808 # 1504
55820 # 1504
55832 # 1504
55844 # 1504
55856 # 1504
55868 # 1504
55880 # 1504
55892 # 1504
55904 # 1504
55916 # 1504
55928 # 1504
55940 # 1504
55952 # 1504
55964 # 1504
55976 # 1504
55988 # 1504
56000 # 1504
56012 # 1504
56024 # 1504
56036 # 1504
56048 # 1504
56060 # 1504
56072 # 1504
56084 # 1504
56096 # 1504
56108 # 1504
56120 # 1504
56132 # 1504
56144 # 1504
56156 # 1504
56168 # 1504
56180 # 1504
56192 # 1504
56204 # 1504
56216 # 1504
56228 # 1504
56240 # 1504
56252 # 1504
56264 # 1504
56276 # 1504
56288 # 1504
56300 # 1504
56312 # 1504
56324 # 1504
56336 # 1504
56348 # 1504
56360 # 1504
56372 # 1504
56384 # 1504
56396 # 1504
56408 # 1504
56420 # 1504
56432 # 1504
56444 # 1504
56456 # 1504
56468 # 1504
56480 # 1504
56492 # 1504
56504 # 1504
56516 # 1504
56528 # 1504
56540 # 1504
56552 # 1504
56564 # 1504
56576 # 1504
56588 # 1504
56600 # 1504
56612 # 1504
56624 # 1504
56636 # 1504
56648 # 1504
56660 # 1504
56672 # 1504
56684 # 1504
56696 # 1504
56708 # 1504
56720 # 1504
56732 # 1504
56744 # 1504
56756 # 1504
56768 # 1504
56780 # 1504
56792 # 1504
56804 # 1504
56816 # 1504
56828 # 1504
56840 # 1504
56852 # 1504
56864 # 1504
56876 # 1504
56888 # 1504
56900 # 1504
56912 # 1504
56924 # 1504
56936 # 1504
56948 # 1504
56960 # 1504
56972 # 1504
56984 # 1504
56996 # 1504
57008 # 1504
57020 # 1504
57032 # 1504
57044 # 1504
57056 # 1504
57068 # 1504
57080 # 1504
57092 # 1504
57104 # 1504
57116 # 1504
57128 # 1504
57140 # 1504
57152 # 1504
57164 # 1504
57176 # 1504
57188 # 1504
57200 # 1504
57212 # 1504
57224 # 1504
57236 # 1504
57248 # 1504
57260 # 1504
57272 # 1504
57284 # 1504
57296 # 1504
57308 # 1504
57320 # 1504
57332 # 1504
57344 # 1504
57356 # 1504
57368 # 1504
57380 # 1504
57392 # 1504
57404 # 1504
57416 # 1504
57428 # 1504
57440 # 1504
57452 # 1504
57464 # 1504
57476 # 1504
57488 # 1504
57500 # 1504
57512 # 1504
57524 # 1504
57536 # 1504
57548 # 1504
57560 # 1504
57572 # 1504
57584 # 1504
57596 # 1504
57608 # 1504
57620 # 1504
57632 # 1504
57644 # 1504
57656 # 1504
57668 # 1504
57680 # 1504
57692 # 1504
57704 # 1504
57716 # 1504
57728 # 1504
57740 # 1504
57752 # 1504
57764 # 1504
57776 # 1504
57788 # 1504
57800 # 1504
57812 # 1504
57824 # 1504
57836 # 1504
57848 # 1504
57860 # 1504
57872 # 1504
57884 # 1504
57896 # 1504
57908 # 1504
57920 # 1504
57932 # 1504
57944 # 1504
57956 # 1504
57968 # 1504
57980 # 1504
57992 # 1504
58004 # 1504
58016 # 1504
58028 # 1504
58040 # 1504
58052 # 1504
58064 # 1504
58076 # 1504
58088 # 1504
58100 # 1504
58112 # 1504
58124 # 1504
58136 # 1504
58148 # 1504
58160 # 1504
58172 # 1504
58184 # 1504
58196 # 1504
58208 # 1504
58220 # 1504
58232 # 1504
58244 # 1504
58256 # 1504
58268 # 1504
58280 # 1504
58292 # 1504
58304 # 1504
58316 # 1504
58328 # 1504
58340 # 1504
58352 # 1504
58364 # 1504
58376 # 1504
58388 # 1504
58400 # 1504
58412 # 1504
58424 # 1504
58436 # 1504
58448 # 1504
58460 # 1504
58472 # 1504
58484 # 1504
58496 # 1504
58508 # 1504
58520 # 1504
58532 # 1504
58544 # 1504
58556 # 1504
58568 # 1504
58580 # 1504
58592 # 1504
58604 # 1504
58616 # 1504
58628 # 1504
58640 # 1504
58652 # 1504
58664 # 1504
58676 # 1504
58688 # 1504
58700 # 1504
58712 # 1504
58724 # 1504
58736 # 1504
58748 # 1504
58760 # 1504
58772 # 1504
58784 # 1504
58796 # 1504
58808 # 1504
58820 # 1504
58832 # 1504
58844 # 1504
58856 # 1504
58868 # 1504
58880 # 1504
58892 # 1504
58904 # 1504
58916 # 1504
58928 # 1504
58940 # 1504
58952 # 1504
58964 # 1504
58976 # 1504
58988 # 1504
59000 # 1504
59012 # 1504
59024 # 1504
59036 # 1504
59048 # 1504
59060 # 1504
59072 # 1504
59084 # 1504
59096 # 1504
59108 # 1504
59120 # 1504
59132 # 1504
59144 # 1504
59156 # 1504
59168 # 1504
59180 # 1504
59192 # 1504
59204 # 1504
59216 # 1504
59228 # 1504
59240 # 1504
59252 # 1504
59264 # 1504
59276 # 1504
59288 # 1504
59300 # 1504
59312 # 1504
59324 # 1504
59336 # 1504
59348 # 1504
59360 # 1504
59372 # 1504
59384 # 1504
59396 # 1504
59408 # 1504
59420 # 1504
59432 # 1504
59444 # 1504
59456 # 1504
59468 # 1504
59480 # 1504
59492 # 1504
59504 # 1504
59516 # 1504
59528 # 1504
59540 # 1504
59552 # 1504
59564 # 1504
59576 # 1504
59588 # 1504
59600 # 1504
59612 # 1504
59624 # 1504
59636 # 1504
59648 # 1504
59660 # 1504
59672 # 1504
59684 # 1504
59696 # 1504
59708 # 1504
59720 # 1504
59732 # 1504
59744 # 1504
59756 # 1504
59768 # 1504
59780 # 1504
59792 # 1504
59804 # 1504
59816 # 1504
59828 # 1504
59840 # 1504
59852 # 1504
59864 # 1504
59876 # 1504
59888 # 1504
59900 # 1504
59912 # 1504
59924 # 1504
