# mahimahi mm-link (Uplink) [tests/1mbps_data.trace] > experiment_logs/1mbps_vegas_uplink.log
# command line: 'mm-link' 'tests/1mbps_data.trace' 'tests/1mbps_ack.trace' '--uplink-log=experiment_logs/1mbps_vegas_uplink.log' '--downlink-log=experiment_logs/1mbps_vegas_downlink.log' '--' 'python2' 'src/experiments/tunnel_manager.py' '--scheme' 'vegas' '--data-dir' 'experiment_logs/1mbps_vegas'
# queue: infinite
# init timestamp: 1744918875731
# base timestamp: 35
# mahimahi config: [delay 100 ms] 
35 + 80
35 + 52
35 + 80
46 # 1504
46 - 80 11
46 - 52 11
46 - 80 11
58 # 1504
70 # 1504
82 # 1504
94 # 1504
106 # 1504
118 # 1504
130 # 1504
142 # 1504
154 # 1504
166 # 1504
178 # 1504
190 # 1504
202 # 1504
214 # 1504
226 # 1504
238 # 1504
250 # 1504
262 # 1504
274 # 1504
286 # 1504
298 # 1504
310 # 1504
322 # 1504
334 # 1504
346 # 1504
358 # 1504
370 # 1504
382 # 1504
394 # 1504
406 # 1504
418 # 1504
430 # 1504
442 # 1504
454 # 1504
466 # 1504
478 # 1504
490 # 1504
502 # 1504
514 # 1504
526 # 1504
538 # 1504
550 # 1504
562 # 1504
574 # 1504
586 # 1504
598 # 1504
610 # 1504
622 # 1504
634 # 1504
646 # 1504
658 # 1504
670 # 1504
682 # 1504
694 # 1504
706 # 1504
718 # 1504
730 # 1504
742 # 1504
754 # 1504
766 # 1504
778 # 1504
790 # 1504
802 # 1504
814 # 1504
814 + 80
826 # 1504
826 - 80 12
838 # 1504
846 + 80
850 # 1504
850 - 80 4
862 # 1504
874 # 1504
886 # 1504
898 # 1504
910 # 1504
922 # 1504
934 # 1504
946 # 1504
958 # 1504
970 # 1504
982 # 1504
994 # 1504
1006 # 1504
1018 # 1504
1030 # 1504
1042 # 1504
1054 # 1504
1066 # 1504
1078 # 1504
1090 # 1504
1102 # 1504
1114 # 1504
1126 # 1504
1138 # 1504
1150 # 1504
1162 # 1504
1174 # 1504
1186 # 1504
1198 # 1504
1210 # 1504
1222 # 1504
1234 # 1504
1246 # 1504
1258 # 1504
1270 # 1504
1282 # 1504
1294 # 1504
1306 # 1504
1318 # 1504
1330 # 1504
1342 # 1504
1354 # 1504
1366 # 1504
1378 # 1504
1390 # 1504
1402 # 1504
1414 # 1504
1426 # 1504
1438 # 1504
1450 # 1504
1462 # 1504
1474 # 1504
1486 # 1504
1498 # 1504
1510 # 1504
1522 # 1504
1534 # 1504
1546 # 1504
1558 # 1504
1570 # 1504
1582 # 1504
1594 # 1504
1606 # 1504
1618 # 1504
1630 # 1504
1642 # 1504
1654 # 1504
1666 # 1504
1678 # 1504
1690 # 1504
1702 # 1504
1714 # 1504
1726 # 1504
1738 # 1504
1750 # 1504
1762 # 1504
1774 # 1504
1786 # 1504
1798 # 1504
1810 # 1504
1822 # 1504
1834 # 1504
1846 # 1504
1858 # 1504
1870 # 1504
1882 # 1504
1894 # 1504
1906 # 1504
1918 # 1504
1930 # 1504
1942 # 1504
1954 # 1504
1966 # 1504
1978 # 1504
1990 # 1504
2002 # 1504
2014 # 1504
2026 # 1504
2038 # 1504
2050 # 1504
2062 # 1504
2074 # 1504
2086 # 1504
2098 # 1504
2110 # 1504
2122 # 1504
2134 # 1504
2146 # 1504
2158 # 1504
2170 # 1504
2182 # 1504
2194 # 1504
2206 # 1504
2218 # 1504
2230 # 1504
2242 # 1504
2254 # 1504
2266 # 1504
2278 # 1504
2290 # 1504
2302 # 1504
2314 # 1504
2326 # 1504
2338 # 1504
2350 # 1504
2362 # 1504
2374 # 1504
2386 # 1504
2398 # 1504
2410 # 1504
2422 # 1504
2434 # 1504
2446 # 1504
2458 # 1504
2470 # 1504
2482 # 1504
2494 # 1504
2506 # 1504
2518 # 1504
2530 # 1504
2542 # 1504
2554 # 1504
2566 # 1504
2578 # 1504
2590 # 1504
2602 # 1504
2614 # 1504
2626 # 1504
2638 # 1504
2650 # 1504
2662 # 1504
2674 # 1504
2686 # 1504
2698 # 1504
2710 # 1504
2722 # 1504
2734 # 1504
2746 # 1504
2758 # 1504
2770 # 1504
2782 # 1504
2794 # 1504
2806 # 1504
2818 # 1504
2830 # 1504
2842 # 1504
2854 # 1504
2866 # 1504
2878 # 1504
2890 # 1504
2902 # 1504
2914 # 1504
2926 # 1504
2938 # 1504
2950 # 1504
2962 # 1504
2974 # 1504
2986 # 1504
2998 # 1504
3010 # 1504
3022 # 1504
3034 # 1504
3046 # 1504
3058 # 1504
3070 # 1504
3082 # 1504
3094 # 1504
3106 # 1504
3118 # 1504
3130 # 1504
3142 # 1504
3154 # 1504
3166 # 1504
3178 # 1504
3190 # 1504
3202 # 1504
3214 # 1504
3226 # 1504
3238 # 1504
3250 # 1504
3262 # 1504
3274 # 1504
3286 # 1504
3298 # 1504
3310 # 1504
3322 # 1504
3334 # 1504
3346 # 1504
3358 # 1504
3370 # 1504
3382 # 1504
3394 # 1504
3406 # 1504
3418 # 1504
3430 # 1504
3442 # 1504
3454 # 1504
3466 # 1504
3478 # 1504
3490 # 1504
3502 # 1504
3514 # 1504
3526 # 1504
3538 # 1504
3550 # 1504
3562 # 1504
3574 # 1504
3586 # 1504
3598 # 1504
3610 # 1504
3622 # 1504
3634 # 1504
3646 # 1504
3658 # 1504
3670 # 1504
3682 # 1504
3694 # 1504
3706 # 1504
3718 # 1504
3730 # 1504
3742 # 1504
3754 # 1504
3766 # 1504
3778 # 1504
3790 # 1504
3802 # 1504
3814 # 1504
3826 # 1504
3838 # 1504
3850 # 1504
3862 # 1504
3874 # 1504
3886 # 1504
3898 # 1504
3910 # 1504
3922 # 1504
3934 # 1504
3946 # 1504
3958 # 1504
3970 # 1504
3982 # 1504
3994 # 1504
4006 # 1504
4018 # 1504
4030 # 1504
4042 # 1504
4054 # 1504
4066 # 1504
4078 # 1504
4078 + 52
4090 # 1504
4090 - 52 12
4102 # 1504
4114 # 1504
4126 # 1504
4138 # 1504
4150 # 1504
4162 # 1504
4174 # 1504
4186 # 1504
4198 # 1504
4210 # 1504
4222 # 1504
4234 # 1504
4246 # 1504
4258 # 1504
4270 # 1504
4282 # 1504
4294 # 1504
4306 # 1504
4318 # 1504
4330 # 1504
4342 # 1504
4354 # 1504
4366 # 1504
4378 # 1504
4390 # 1504
4402 # 1504
4414 # 1504
4426 # 1504
4438 # 1504
4450 # 1504
4462 # 1504
4474 # 1504
4486 # 1504
4498 # 1504
4510 # 1504
4522 # 1504
4534 # 1504
4546 # 1504
4558 # 1504
4570 # 1504
4582 # 1504
4594 # 1504
4606 # 1504
4618 # 1504
4630 # 1504
4642 # 1504
4654 # 1504
4666 # 1504
4678 # 1504
4690 # 1504
4702 # 1504
4714 # 1504
4726 # 1504
4738 # 1504
4750 # 1504
4762 # 1504
4774 # 1504
4786 # 1504
4798 # 1504
4810 # 1504
4822 # 1504
4834 # 1504
4846 # 1504
4858 # 1504
4870 # 1504
4882 # 1504
4894 # 1504
4906 # 1504
4918 # 1504
4930 # 1504
4942 # 1504
4954 # 1504
4966 # 1504
4978 # 1504
4990 # 1504
5002 # 1504
5014 # 1504
5026 # 1504
5038 # 1504
5050 # 1504
5062 # 1504
5074 # 1504
5086 # 1504
5098 # 1504
5110 # 1504
5122 # 1504
5134 # 1504
5146 # 1504
5158 # 1504
5170 # 1504
5182 # 1504
5194 # 1504
5206 # 1504
5218 # 1504
5230 # 1504
5242 # 1504
5254 # 1504
5266 # 1504
5278 # 1504
5290 # 1504
5302 # 1504
5314 # 1504
5326 # 1504
5338 # 1504
5350 # 1504
5362 # 1504
5374 # 1504
5386 # 1504
5398 # 1504
5410 # 1504
5422 # 1504
5434 # 1504
5446 # 1504
5458 # 1504
5470 # 1504
5482 # 1504
5494 # 1504
5506 # 1504
5518 # 1504
5530 # 1504
5542 # 1504
5554 # 1504
5566 # 1504
5578 # 1504
5590 # 1504
5602 # 1504
5614 # 1504
5626 # 1504
5638 # 1504
5650 # 1504
5662 # 1504
5674 # 1504
5686 # 1504
5698 # 1504
5710 # 1504
5722 # 1504
5734 # 1504
5746 # 1504
5758 # 1504
5770 # 1504
5782 # 1504
5794 # 1504
5806 # 1504
5818 # 1504
5830 # 1504
5842 # 1504
5854 # 1504
5866 # 1504
5878 # 1504
5890 # 1504
5902 # 1504
5914 # 1504
5926 # 1504
5938 # 1504
5950 # 1504
5962 # 1504
5974 # 1504
5986 # 1504
5998 # 1504
6010 # 1504
6022 # 1504
6034 # 1504
6046 # 1504
6058 # 1504
6070 # 1504
6082 # 1504
6094 # 1504
6106 # 1504
6118 # 1504
6130 # 1504
6142 # 1504
6154 # 1504
6166 # 1504
6178 # 1504
6190 # 1504
6202 # 1504
6214 # 1504
6226 # 1504
6238 # 1504
6250 # 1504
6262 # 1504
6274 # 1504
6286 # 1504
6298 # 1504
6310 # 1504
6322 # 1504
6334 # 1504
6346 # 1504
6358 # 1504
6370 # 1504
6382 # 1504
6394 # 1504
6406 # 1504
6418 # 1504
6430 # 1504
6442 # 1504
6454 # 1504
6466 # 1504
6478 # 1504
6490 # 1504
6502 # 1504
6514 # 1504
6526 # 1504
6538 # 1504
6550 # 1504
6562 # 1504
6574 # 1504
6586 # 1504
6598 # 1504
6610 # 1504
6622 # 1504
6634 # 1504
6646 # 1504
6658 # 1504
6670 # 1504
6682 # 1504
6694 # 1504
6706 # 1504
6718 # 1504
6730 # 1504
6742 # 1504
6754 # 1504
6766 # 1504
6778 # 1504
6790 # 1504
6802 # 1504
6814 # 1504
6826 # 1504
6838 # 1504
6850 # 1504
6862 # 1504
6874 # 1504
6886 # 1504
6898 # 1504
6910 # 1504
6922 # 1504
6934 # 1504
6946 # 1504
6958 # 1504
6970 # 1504
6982 # 1504
6994 # 1504
7006 # 1504
7018 # 1504
7030 # 1504
7042 # 1504
7054 # 1504
7066 # 1504
7078 # 1504
7090 # 1504
7102 # 1504
7114 # 1504
7126 # 1504
7138 # 1504
7150 # 1504
7162 # 1504
7174 # 1504
7186 # 1504
7198 # 1504
7210 # 1504
7222 # 1504
7234 # 1504
7246 # 1504
7258 # 1504
7270 # 1504
7282 # 1504
7294 # 1504
7306 # 1504
7318 # 1504
7330 # 1504
7342 # 1504
7354 # 1504
7366 # 1504
7378 # 1504
7390 # 1504
7402 # 1504
7414 # 1504
7426 # 1504
7438 # 1504
7450 # 1504
7462 # 1504
7474 # 1504
7486 # 1504
7498 # 1504
7510 # 1504
7522 # 1504
7534 # 1504
7546 # 1504
7558 # 1504
7570 # 1504
7582 # 1504
7594 # 1504
7606 # 1504
7618 # 1504
7630 # 1504
7642 # 1504
7654 # 1504
7666 # 1504
7678 # 1504
7690 # 1504
7702 # 1504
7714 # 1504
7726 # 1504
7738 # 1504
7750 # 1504
7762 # 1504
7774 # 1504
7786 # 1504
7798 # 1504
7810 # 1504
7822 # 1504
7834 # 1504
7846 # 1504
7858 # 1504
7870 # 1504
7882 # 1504
7894 # 1504
7906 # 1504
7918 # 1504
7930 # 1504
7942 # 1504
7954 # 1504
7966 # 1504
7978 # 1504
7990 # 1504
8002 # 1504
8014 # 1504
8026 # 1504
8038 # 1504
8050 # 1504
8062 # 1504
8074 # 1504
8086 # 1504
8098 # 1504
8110 # 1504
8122 # 1504
8134 # 1504
8146 # 1504
8158 # 1504
8170 # 1504
8182 # 1504
8194 # 1504
8206 # 1504
8218 # 1504
8230 # 1504
8242 # 1504
8254 # 1504
8266 # 1504
8278 # 1504
8290 # 1504
8302 # 1504
8314 # 1504
8326 # 1504
8338 # 1504
8350 # 1504
8362 # 1504
8374 # 1504
8386 # 1504
8398 # 1504
8410 # 1504
8422 # 1504
8434 # 1504
8446 # 1504
8458 # 1504
8470 # 1504
8482 # 1504
8494 # 1504
8506 # 1504
8518 # 1504
8530 # 1504
8542 # 1504
8554 # 1504
8566 # 1504
8578 # 1504
8590 # 1504
8602 # 1504
8614 # 1504
8626 # 1504
8638 # 1504
8650 # 1504
8662 # 1504
8674 # 1504
8686 # 1504
8698 # 1504
8710 # 1504
8722 # 1504
8734 # 1504
8746 # 1504
8758 # 1504
8770 # 1504
8782 # 1504
8794 # 1504
8806 # 1504
8818 # 1504
8830 # 1504
8842 # 1504
8854 # 1504
8866 # 1504
8878 # 1504
8890 # 1504
8902 # 1504
8914 # 1504
8926 # 1504
8938 # 1504
8950 # 1504
8962 # 1504
8974 # 1504
8986 # 1504
8998 # 1504
9010 # 1504
9022 # 1504
9034 # 1504
9046 # 1504
9058 # 1504
9070 # 1504
9082 # 1504
9094 # 1504
9106 # 1504
9118 # 1504
9130 # 1504
9142 # 1504
9154 # 1504
9166 # 1504
9178 # 1504
9190 # 1504
9202 # 1504
9214 # 1504
9226 # 1504
9238 # 1504
9250 # 1504
9262 # 1504
9274 # 1504
9286 # 1504
9298 # 1504
9310 # 1504
9322 # 1504
9334 # 1504
9346 # 1504
9358 # 1504
9370 # 1504
9382 # 1504
9394 # 1504
9406 # 1504
9418 # 1504
9430 # 1504
9442 # 1504
9454 # 1504
9466 # 1504
9478 # 1504
9490 # 1504
9502 # 1504
9514 # 1504
9526 # 1504
9538 # 1504
9550 # 1504
9562 # 1504
9574 # 1504
9586 # 1504
9598 # 1504
9610 # 1504
9622 # 1504
9634 # 1504
9646 # 1504
9658 # 1504
9670 # 1504
9682 # 1504
9694 # 1504
9706 # 1504
9718 # 1504
9730 # 1504
9742 # 1504
9754 # 1504
9766 # 1504
9778 # 1504
9790 # 1504
9802 # 1504
9814 # 1504
9826 # 1504
9838 # 1504
9850 # 1504
9862 # 1504
9874 # 1504
9886 # 1504
9898 # 1504
9910 # 1504
9922 # 1504
9934 # 1504
9946 # 1504
9958 # 1504
9970 # 1504
9982 # 1504
9994 # 1504
10006 # 1504
10018 # 1504
10030 # 1504
10042 # 1504
10054 # 1504
10066 # 1504
10078 # 1504
10090 # 1504
10102 # 1504
10114 # 1504
10126 # 1504
10138 # 1504
10150 # 1504
10162 # 1504
10174 # 1504
10186 # 1504
10198 # 1504
10210 # 1504
10222 # 1504
10234 # 1504
10246 # 1504
10258 # 1504
10270 # 1504
10282 # 1504
10294 # 1504
10306 # 1504
10318 # 1504
10330 # 1504
10342 # 1504
10354 # 1504
10366 # 1504
10378 # 1504
10390 # 1504
10402 # 1504
10414 # 1504
10426 # 1504
10438 # 1504
10450 # 1504
10462 # 1504
10474 # 1504
10486 # 1504
10498 # 1504
10510 # 1504
10522 # 1504
10534 # 1504
10546 # 1504
10558 # 1504
10570 # 1504
10582 # 1504
10594 # 1504
10606 # 1504
10618 # 1504
10630 # 1504
10642 # 1504
10654 # 1504
10666 # 1504
10678 # 1504
10690 # 1504
10702 # 1504
10714 # 1504
10726 # 1504
10738 # 1504
10750 # 1504
10762 # 1504
10774 # 1504
10786 # 1504
10798 # 1504
10810 # 1504
10822 # 1504
10834 # 1504
10846 # 1504
10858 # 1504
10870 # 1504
10882 # 1504
10894 # 1504
10906 # 1504
10918 # 1504
10930 # 1504
10942 # 1504
10954 # 1504
10966 # 1504
10978 # 1504
10990 # 1504
11002 # 1504
11014 # 1504
11026 # 1504
11038 # 1504
11050 # 1504
11062 # 1504
11074 # 1504
11086 # 1504
11098 # 1504
11110 # 1504
11122 # 1504
11134 # 1504
11146 # 1504
11158 # 1504
11170 # 1504
11182 # 1504
11194 # 1504
11206 # 1504
11218 # 1504
11230 # 1504
11242 # 1504
11254 # 1504
11266 # 1504
11278 # 1504
11290 # 1504
11302 # 1504
11314 # 1504
11326 # 1504
11338 # 1504
11350 # 1504
11362 # 1504
11374 # 1504
11386 # 1504
11398 # 1504
11410 # 1504
11422 # 1504
11434 # 1504
11446 # 1504
11458 # 1504
11470 # 1504
11482 # 1504
11494 # 1504
11506 # 1504
11518 # 1504
11530 # 1504
11542 # 1504
11554 # 1504
11566 # 1504
11578 # 1504
11590 # 1504
11602 # 1504
11614 # 1504
11626 # 1504
11638 # 1504
11650 # 1504
11662 # 1504
11674 # 1504
11686 # 1504
11698 # 1504
11710 # 1504
11722 # 1504
11734 # 1504
11746 # 1504
11758 # 1504
11758 + 52
11770 # 1504
11770 - 52 12
11782 # 1504
11794 # 1504
11806 # 1504
11818 # 1504
11830 # 1504
11842 # 1504
11854 # 1504
11866 # 1504
11878 # 1504
11890 # 1504
11902 # 1504
11914 # 1504
11926 # 1504
11938 # 1504
11950 # 1504
11962 # 1504
11974 # 1504
11986 # 1504
11998 # 1504
12010 # 1504
12022 # 1504
12034 # 1504
12046 # 1504
12058 # 1504
12070 # 1504
12082 # 1504
12094 # 1504
12106 # 1504
12118 # 1504
12130 # 1504
12142 # 1504
12154 # 1504
12166 # 1504
12178 # 1504
12190 # 1504
12202 # 1504
12214 # 1504
12226 # 1504
12238 # 1504
12250 # 1504
12262 # 1504
12274 # 1504
12286 # 1504
12298 # 1504
12310 # 1504
12322 # 1504
12334 # 1504
12346 # 1504
12358 # 1504
12370 # 1504
12382 # 1504
12394 # 1504
12406 # 1504
12418 # 1504
12430 # 1504
12442 # 1504
12454 # 1504
12466 # 1504
12478 # 1504
12490 # 1504
12502 # 1504
12514 # 1504
12526 # 1504
12538 # 1504
12550 # 1504
12562 # 1504
12574 # 1504
12586 # 1504
12598 # 1504
12610 # 1504
12622 # 1504
12634 # 1504
12646 # 1504
12658 # 1504
12670 # 1504
12682 # 1504
12694 # 1504
12706 # 1504
12718 # 1504
12730 # 1504
12742 # 1504
12754 # 1504
12766 # 1504
12778 # 1504
12790 # 1504
12802 # 1504
12814 # 1504
12826 # 1504
12838 # 1504
12850 # 1504
12862 # 1504
12874 # 1504
12886 # 1504
12898 # 1504
12910 # 1504
12922 # 1504
12934 # 1504
12946 # 1504
12958 # 1504
12970 # 1504
12982 # 1504
12994 # 1504
13006 # 1504
13018 # 1504
13030 # 1504
13042 # 1504
13054 # 1504
13066 # 1504
13078 # 1504
13090 # 1504
13102 # 1504
13114 # 1504
13126 # 1504
13138 # 1504
13150 # 1504
13162 # 1504
13174 # 1504
13186 # 1504
13198 # 1504
13210 # 1504
13222 # 1504
13234 # 1504
13246 # 1504
13258 # 1504
13270 # 1504
13282 # 1504
13294 # 1504
13306 # 1504
13318 # 1504
13330 # 1504
13342 # 1504
13354 # 1504
13366 # 1504
13378 # 1504
13390 # 1504
13402 # 1504
13414 # 1504
13426 # 1504
13438 # 1504
13450 # 1504
13462 # 1504
13474 # 1504
13486 # 1504
13498 # 1504
13510 # 1504
13522 # 1504
13534 # 1504
13546 # 1504
13558 # 1504
13570 # 1504
13582 # 1504
13594 # 1504
13606 # 1504
13618 # 1504
13630 # 1504
13642 # 1504
13654 # 1504
13666 # 1504
13678 # 1504
13690 # 1504
13702 # 1504
13714 # 1504
13726 # 1504
13738 # 1504
13750 # 1504
13762 # 1504
13774 # 1504
13786 # 1504
13798 # 1504
13810 # 1504
13822 # 1504
13834 # 1504
13846 # 1504
13858 # 1504
13870 # 1504
13882 # 1504
13894 # 1504
13906 # 1504
13918 # 1504
13930 # 1504
13942 # 1504
13954 # 1504
13966 # 1504
13978 # 1504
13990 # 1504
14002 # 1504
14014 # 1504
14026 # 1504
14038 # 1504
14050 # 1504
14062 # 1504
14074 # 1504
14086 # 1504
14098 # 1504
14110 # 1504
14122 # 1504
14134 # 1504
14146 # 1504
14158 # 1504
14170 # 1504
14182 # 1504
14194 # 1504
14206 # 1504
14218 # 1504
14230 # 1504
14242 # 1504
14254 # 1504
14266 # 1504
14278 # 1504
14290 # 1504
14302 # 1504
14314 # 1504
14326 # 1504
14338 # 1504
14350 # 1504
14362 # 1504
14374 # 1504
14386 # 1504
14398 # 1504
14410 # 1504
14422 # 1504
14434 # 1504
14446 # 1504
14458 # 1504
14470 # 1504
14482 # 1504
14494 # 1504
14506 # 1504
14518 # 1504
14530 # 1504
14542 # 1504
14554 # 1504
14566 # 1504
14578 # 1504
14590 # 1504
14602 # 1504
14614 # 1504
14626 # 1504
14638 # 1504
14650 # 1504
14662 # 1504
14674 # 1504
14686 # 1504
14698 # 1504
14710 # 1504
14722 # 1504
14734 # 1504
14746 # 1504
14758 # 1504
14770 # 1504
14782 # 1504
14794 # 1504
14806 # 1504
14818 # 1504
14830 # 1504
14842 # 1504
14854 # 1504
14866 # 1504
14878 # 1504
14890 # 1504
14902 # 1504
14914 # 1504
14926 # 1504
14938 # 1504
14950 # 1504
14962 # 1504
14974 # 1504
14986 # 1504
14998 # 1504
15010 # 1504
15022 # 1504
15034 # 1504
15046 # 1504
15058 # 1504
15070 # 1504
15082 # 1504
15094 # 1504
15106 # 1504
15118 # 1504
15130 # 1504
15142 # 1504
15154 # 1504
15166 # 1504
15178 # 1504
15190 # 1504
15202 # 1504
15214 # 1504
15226 # 1504
15238 # 1504
15250 # 1504
15262 # 1504
15274 # 1504
15286 # 1504
15298 # 1504
15310 # 1504
15322 # 1504
15334 # 1504
15346 # 1504
15358 # 1504
15370 # 1504
15382 # 1504
15394 # 1504
15406 # 1504
15418 # 1504
15430 # 1504
15442 # 1504
15454 # 1504
15466 # 1504
15478 # 1504
15490 # 1504
15502 # 1504
15514 # 1504
15526 # 1504
15538 # 1504
15550 # 1504
15562 # 1504
15574 # 1504
15586 # 1504
15598 # 1504
15610 # 1504
15622 # 1504
15634 # 1504
15646 # 1504
15658 # 1504
15670 # 1504
15682 # 1504
15694 # 1504
15706 # 1504
15718 # 1504
15730 # 1504
15742 # 1504
15754 # 1504
15766 # 1504
15778 # 1504
15790 # 1504
15802 # 1504
15814 # 1504
15826 # 1504
15838 # 1504
15850 # 1504
15862 # 1504
15874 # 1504
15886 # 1504
15898 # 1504
15910 # 1504
15922 # 1504
15934 # 1504
15946 # 1504
15958 # 1504
15970 # 1504
15982 # 1504
15994 # 1504
16006 # 1504
16018 # 1504
16030 # 1504
16042 # 1504
16054 # 1504
16066 # 1504
16078 # 1504
16090 # 1504
16102 # 1504
16114 # 1504
16126 # 1504
16138 # 1504
16150 # 1504
16162 # 1504
16174 # 1504
16186 # 1504
16198 # 1504
16210 # 1504
16222 # 1504
16234 # 1504
16246 # 1504
16258 # 1504
16270 # 1504
16282 # 1504
16294 # 1504
16306 # 1504
16318 # 1504
16330 # 1504
16342 # 1504
16354 # 1504
16366 # 1504
16378 # 1504
16390 # 1504
16402 # 1504
16414 # 1504
16426 # 1504
16438 # 1504
16450 # 1504
16462 # 1504
16474 # 1504
16486 # 1504
16498 # 1504
16510 # 1504
16522 # 1504
16534 # 1504
16546 # 1504
16558 # 1504
16570 # 1504
16582 # 1504
16594 # 1504
16606 # 1504
16618 # 1504
16630 # 1504
16642 # 1504
16654 # 1504
16666 # 1504
16678 # 1504
16690 # 1504
16702 # 1504
16714 # 1504
16726 # 1504
16738 # 1504
16750 # 1504
16762 # 1504
16774 # 1504
16786 # 1504
16798 # 1504
16810 # 1504
16822 # 1504
16834 # 1504
16846 # 1504
16858 # 1504
16870 # 1504
16882 # 1504
16894 # 1504
16906 # 1504
16918 # 1504
16930 # 1504
16942 # 1504
16954 # 1504
16966 # 1504
16978 # 1504
16990 # 1504
17002 # 1504
17014 # 1504
17026 # 1504
17038 # 1504
17050 # 1504
17062 # 1504
17074 # 1504
17086 # 1504
17098 # 1504
17110 # 1504
17122 # 1504
17134 # 1504
17146 # 1504
17158 # 1504
17170 # 1504
17182 # 1504
17194 # 1504
17206 # 1504
17218 # 1504
17230 # 1504
17242 # 1504
17254 # 1504
17266 # 1504
17278 # 1504
17290 # 1504
17302 # 1504
17314 # 1504
17326 # 1504
17338 # 1504
17350 # 1504
17362 # 1504
17374 # 1504
17386 # 1504
17398 # 1504
17410 # 1504
17422 # 1504
17434 # 1504
17446 # 1504
17458 # 1504
17470 # 1504
17482 # 1504
17494 # 1504
17506 # 1504
17518 # 1504
17530 # 1504
17542 # 1504
17554 # 1504
17566 # 1504
17578 # 1504
17590 # 1504
17602 # 1504
17614 # 1504
17626 # 1504
17638 # 1504
17650 # 1504
17662 # 1504
17674 # 1504
17686 # 1504
17698 # 1504
17710 # 1504
17722 # 1504
17734 # 1504
17746 # 1504
17758 # 1504
17770 # 1504
17782 # 1504
17794 # 1504
17806 # 1504
17818 # 1504
17830 # 1504
17842 # 1504
17854 # 1504
17866 # 1504
17878 # 1504
17890 # 1504
17902 # 1504
17914 # 1504
17926 # 1504
17938 # 1504
17950 # 1504
17962 # 1504
17974 # 1504
17986 # 1504
17998 # 1504
18010 # 1504
18022 # 1504
18034 # 1504
18046 # 1504
18058 # 1504
18070 # 1504
18082 # 1504
18094 # 1504
18106 # 1504
18118 # 1504
18130 # 1504
18142 # 1504
18154 # 1504
18166 # 1504
18178 # 1504
18190 # 1504
18202 # 1504
18214 # 1504
18226 # 1504
18238 # 1504
18250 # 1504
18262 # 1504
18274 # 1504
18286 # 1504
18298 # 1504
18310 # 1504
18322 # 1504
18334 # 1504
18346 # 1504
18358 # 1504
18370 # 1504
18382 # 1504
18394 # 1504
18406 # 1504
18418 # 1504
18430 # 1504
18442 # 1504
18454 # 1504
18466 # 1504
18478 # 1504
18490 # 1504
18502 # 1504
18514 # 1504
18526 # 1504
18538 # 1504
18550 # 1504
18562 # 1504
18574 # 1504
18586 # 1504
18598 # 1504
18610 # 1504
18622 # 1504
18634 # 1504
18646 # 1504
18658 # 1504
18670 # 1504
18682 # 1504
18694 # 1504
18706 # 1504
18718 # 1504
18730 # 1504
18742 # 1504
18754 # 1504
18766 # 1504
18778 # 1504
18790 # 1504
18802 # 1504
18814 # 1504
18826 # 1504
18838 # 1504
18850 # 1504
18862 # 1504
18874 # 1504
18886 # 1504
18898 # 1504
18910 # 1504
18922 # 1504
18934 # 1504
18946 # 1504
18958 # 1504
18970 # 1504
18982 # 1504
18994 # 1504
19006 # 1504
19018 # 1504
19030 # 1504
19042 # 1504
19054 # 1504
19066 # 1504
19078 # 1504
19090 # 1504
19102 # 1504
19114 # 1504
19126 # 1504
19138 # 1504
19150 # 1504
19162 # 1504
19174 # 1504
19186 # 1504
19198 # 1504
19210 # 1504
19222 # 1504
19234 # 1504
19246 # 1504
19258 # 1504
19270 # 1504
19282 # 1504
19294 # 1504
19306 # 1504
19318 # 1504
19330 # 1504
19342 # 1504
19354 # 1504
19366 # 1504
19378 # 1504
19390 # 1504
19402 # 1504
19414 # 1504
19426 # 1504
19438 # 1504
19450 # 1504
19462 # 1504
19474 # 1504
19486 # 1504
19498 # 1504
19510 # 1504
19522 # 1504
19534 # 1504
19546 # 1504
19558 # 1504
19570 # 1504
19582 # 1504
19594 # 1504
19606 # 1504
19618 # 1504
19630 # 1504
19642 # 1504
19654 # 1504
19666 # 1504
19678 # 1504
19690 # 1504
19702 # 1504
19714 # 1504
19726 # 1504
19738 # 1504
19750 # 1504
19762 # 1504
19774 # 1504
19786 # 1504
19798 # 1504
19810 # 1504
19822 # 1504
19834 # 1504
19846 # 1504
19858 # 1504
19870 # 1504
19882 # 1504
19894 # 1504
19906 # 1504
19918 # 1504
19930 # 1504
19942 # 1504
19954 # 1504
19966 # 1504
19978 # 1504
19990 # 1504
20002 # 1504
20014 # 1504
20026 # 1504
20038 # 1504
20050 # 1504
20062 # 1504
20074 # 1504
20086 # 1504
20098 # 1504
20110 # 1504
20122 # 1504
20134 # 1504
20146 # 1504
20158 # 1504
20170 # 1504
20182 # 1504
20194 # 1504
20206 # 1504
20218 # 1504
20230 # 1504
20242 # 1504
20254 # 1504
20266 # 1504
20278 # 1504
20290 # 1504
20302 # 1504
20314 # 1504
20326 # 1504
20338 # 1504
20350 # 1504
20362 # 1504
20374 # 1504
20386 # 1504
20398 # 1504
20410 # 1504
20422 # 1504
20434 # 1504
20446 # 1504
20458 # 1504
20470 # 1504
20482 # 1504
20494 # 1504
20506 # 1504
20518 # 1504
20530 # 1504
20542 # 1504
20554 # 1504
20566 # 1504
20578 # 1504
20590 # 1504
20602 # 1504
20614 # 1504
20626 # 1504
20638 # 1504
20650 # 1504
20662 # 1504
20674 # 1504
20686 # 1504
20698 # 1504
20710 # 1504
20722 # 1504
20734 # 1504
20746 # 1504
20758 # 1504
20770 # 1504
20782 # 1504
20794 # 1504
20806 # 1504
20818 # 1504
20830 # 1504
20842 # 1504
20854 # 1504
20866 # 1504
20878 # 1504
20890 # 1504
20902 # 1504
20914 # 1504
20926 # 1504
20938 # 1504
20950 # 1504
20962 # 1504
20974 # 1504
20986 # 1504
20998 # 1504
21010 # 1504
21022 # 1504
21034 # 1504
21046 # 1504
21058 # 1504
21070 # 1504
21082 # 1504
21094 # 1504
21106 # 1504
21118 # 1504
21130 # 1504
21142 # 1504
21154 # 1504
21166 # 1504
21178 # 1504
21190 # 1504
21202 # 1504
21214 # 1504
21226 # 1504
21238 # 1504
21250 # 1504
21262 # 1504
21274 # 1504
21286 # 1504
21298 # 1504
21310 # 1504
21322 # 1504
21334 # 1504
21346 # 1504
21358 # 1504
21370 # 1504
21382 # 1504
21394 # 1504
21406 # 1504
21418 # 1504
21430 # 1504
21442 # 1504
21454 # 1504
21466 # 1504
21478 # 1504
21490 # 1504
21502 # 1504
21514 # 1504
21526 # 1504
21538 # 1504
21550 # 1504
21562 # 1504
21574 # 1504
21586 # 1504
21598 # 1504
21610 # 1504
21622 # 1504
21634 # 1504
21646 # 1504
21658 # 1504
21670 # 1504
21682 # 1504
21694 # 1504
21706 # 1504
21718 # 1504
21730 # 1504
21742 # 1504
21754 # 1504
21766 # 1504
21778 # 1504
21790 # 1504
21802 # 1504
21814 # 1504
21826 # 1504
21838 # 1504
21850 # 1504
21862 # 1504
21874 # 1504
21886 # 1504
21898 # 1504
21910 # 1504
21922 # 1504
21934 # 1504
21946 # 1504
21958 # 1504
21970 # 1504
21982 # 1504
21994 # 1504
22006 # 1504
22018 # 1504
22030 # 1504
22042 # 1504
22054 # 1504
22066 # 1504
22078 # 1504
22090 # 1504
22102 # 1504
22114 # 1504
22126 # 1504
22138 # 1504
22150 # 1504
22162 # 1504
22174 # 1504
22186 # 1504
22198 # 1504
22210 # 1504
22222 # 1504
22234 # 1504
22246 # 1504
22258 # 1504
22270 # 1504
22282 # 1504
22294 # 1504
22306 # 1504
22318 # 1504
22330 # 1504
22342 # 1504
22354 # 1504
22366 # 1504
22378 # 1504
22390 # 1504
22402 # 1504
22414 # 1504
22426 # 1504
22438 # 1504
22450 # 1504
22462 # 1504
22474 # 1504
22486 # 1504
22498 # 1504
22510 # 1504
22522 # 1504
22534 # 1504
22546 # 1504
22558 # 1504
22570 # 1504
22582 # 1504
22594 # 1504
22606 # 1504
22618 # 1504
22630 # 1504
22642 # 1504
22654 # 1504
22666 # 1504
22678 # 1504
22690 # 1504
22702 # 1504
22714 # 1504
22726 # 1504
22738 # 1504
22750 # 1504
22762 # 1504
22774 # 1504
22786 # 1504
22798 # 1504
22810 # 1504
22822 # 1504
22834 # 1504
22846 # 1504
22858 # 1504
22870 # 1504
22882 # 1504
22894 # 1504
22906 # 1504
22918 # 1504
22930 # 1504
22942 # 1504
22954 # 1504
22966 # 1504
22978 # 1504
22990 # 1504
23002 # 1504
23014 # 1504
23026 # 1504
23038 # 1504
23050 # 1504
23062 # 1504
23074 # 1504
23086 # 1504
23098 # 1504
23110 # 1504
23122 # 1504
23134 # 1504
23146 # 1504
23158 # 1504
23170 # 1504
23182 # 1504
23194 # 1504
23206 # 1504
23218 # 1504
23230 # 1504
23242 # 1504
23254 # 1504
23266 # 1504
23278 # 1504
23290 # 1504
23302 # 1504
23314 # 1504
23326 # 1504
23338 # 1504
23350 # 1504
23362 # 1504
23374 # 1504
23386 # 1504
23398 # 1504
23410 # 1504
23422 # 1504
23434 # 1504
23446 # 1504
23458 # 1504
23470 # 1504
23482 # 1504
23494 # 1504
23506 # 1504
23518 # 1504
23530 # 1504
23542 # 1504
23554 # 1504
23566 # 1504
23578 # 1504
23590 # 1504
23602 # 1504
23614 # 1504
23626 # 1504
23638 # 1504
23650 # 1504
23662 # 1504
23674 # 1504
23686 # 1504
23698 # 1504
23710 # 1504
23722 # 1504
23734 # 1504
23746 # 1504
23758 # 1504
23770 # 1504
23782 # 1504
23794 # 1504
23806 # 1504
23818 # 1504
23830 # 1504
23842 # 1504
23854 # 1504
23866 # 1504
23878 # 1504
23890 # 1504
23902 # 1504
23914 # 1504
23926 # 1504
23938 # 1504
23950 # 1504
23962 # 1504
23974 # 1504
23986 # 1504
23998 # 1504
24010 # 1504
24022 # 1504
24034 # 1504
24046 # 1504
24058 # 1504
24070 # 1504
24082 # 1504
24094 # 1504
24106 # 1504
24118 # 1504
24130 # 1504
24142 # 1504
24154 # 1504
24166 # 1504
24178 # 1504
24190 # 1504
24202 # 1504
24214 # 1504
24226 # 1504
24238 # 1504
24250 # 1504
24262 # 1504
24274 # 1504
24286 # 1504
24298 # 1504
24310 # 1504
24322 # 1504
24334 # 1504
24346 # 1504
24358 # 1504
24370 # 1504
24382 # 1504
24394 # 1504
24406 # 1504
24418 # 1504
24430 # 1504
24442 # 1504
24454 # 1504
24466 # 1504
24478 # 1504
24490 # 1504
24502 # 1504
24514 # 1504
24526 # 1504
24538 # 1504
24550 # 1504
24562 # 1504
24574 # 1504
24586 # 1504
24598 # 1504
24610 # 1504
24622 # 1504
24634 # 1504
24646 # 1504
24658 # 1504
24670 # 1504
24682 # 1504
24694 # 1504
24706 # 1504
24718 # 1504
24730 # 1504
24742 # 1504
24754 # 1504
24766 # 1504
24778 # 1504
24790 # 1504
24802 # 1504
24814 # 1504
24826 # 1504
24838 # 1504
24850 # 1504
24862 # 1504
24874 # 1504
24886 # 1504
24898 # 1504
24910 # 1504
24922 # 1504
24934 # 1504
24946 # 1504
24958 # 1504
24970 # 1504
24982 # 1504
24994 # 1504
25006 # 1504
25018 # 1504
25030 # 1504
25042 # 1504
25054 # 1504
25066 # 1504
25078 # 1504
25090 # 1504
25102 # 1504
25114 # 1504
25126 # 1504
25138 # 1504
25150 # 1504
25162 # 1504
25174 # 1504
25186 # 1504
25198 # 1504
25210 # 1504
25222 # 1504
25234 # 1504
25246 # 1504
25258 # 1504
25270 # 1504
25282 # 1504
25294 # 1504
25306 # 1504
25318 # 1504
25330 # 1504
25342 # 1504
25354 # 1504
25366 # 1504
25378 # 1504
25390 # 1504
25402 # 1504
25414 # 1504
25426 # 1504
25438 # 1504
25450 # 1504
25462 # 1504
25474 # 1504
25486 # 1504
25498 # 1504
25510 # 1504
25522 # 1504
25534 # 1504
25546 # 1504
25558 # 1504
25570 # 1504
25582 # 1504
25594 # 1504
25606 # 1504
25618 # 1504
25630 # 1504
25642 # 1504
25654 # 1504
25666 # 1504
25678 # 1504
25690 # 1504
25702 # 1504
25714 # 1504
25726 # 1504
25738 # 1504
25750 # 1504
25762 # 1504
25774 # 1504
25786 # 1504
25798 # 1504
25810 # 1504
25822 # 1504
25834 # 1504
25846 # 1504
25858 # 1504
25870 # 1504
25882 # 1504
25894 # 1504
25906 # 1504
25918 # 1504
25930 # 1504
25942 # 1504
25954 # 1504
25966 # 1504
25978 # 1504
25990 # 1504
26002 # 1504
26014 # 1504
26026 # 1504
26038 # 1504
26050 # 1504
26062 # 1504
26074 # 1504
26086 # 1504
26098 # 1504
26110 # 1504
26122 # 1504
26134 # 1504
26146 # 1504
26158 # 1504
26170 # 1504
26182 # 1504
26194 # 1504
26206 # 1504
26218 # 1504
26230 # 1504
26242 # 1504
26254 # 1504
26266 # 1504
26278 # 1504
26290 # 1504
26302 # 1504
26314 # 1504
26326 # 1504
26338 # 1504
26350 # 1504
26362 # 1504
26374 # 1504
26386 # 1504
26398 # 1504
26410 # 1504
26422 # 1504
26434 # 1504
26446 # 1504
26458 # 1504
26470 # 1504
26482 # 1504
26494 # 1504
26506 # 1504
26518 # 1504
26530 # 1504
26542 # 1504
26554 # 1504
26566 # 1504
26578 # 1504
26590 # 1504
26602 # 1504
26614 # 1504
26626 # 1504
26638 # 1504
26650 # 1504
26662 # 1504
26674 # 1504
26686 # 1504
26698 # 1504
26710 # 1504
26722 # 1504
26734 # 1504
26746 # 1504
26758 # 1504
26770 # 1504
26782 # 1504
26794 # 1504
26806 # 1504
26818 # 1504
26830 # 1504
26842 # 1504
26854 # 1504
26866 # 1504
26878 # 1504
26890 # 1504
26902 # 1504
26914 # 1504
26926 # 1504
26938 # 1504
26950 # 1504
26962 # 1504
26974 # 1504
26986 # 1504
26998 # 1504
27010 # 1504
27022 # 1504
27034 # 1504
27046 # 1504
27058 # 1504
27070 # 1504
27082 # 1504
27094 # 1504
27106 # 1504
27118 # 1504
27118 + 52
27130 # 1504
27130 - 52 12
27142 # 1504
27154 # 1504
27166 # 1504
27178 # 1504
27190 # 1504
27202 # 1504
27214 # 1504
27226 # 1504
27238 # 1504
27250 # 1504
27262 # 1504
27274 # 1504
27286 # 1504
27298 # 1504
27310 # 1504
27322 # 1504
27334 # 1504
27346 # 1504
27358 # 1504
27370 # 1504
27382 # 1504
27394 # 1504
27406 # 1504
27418 # 1504
27430 # 1504
27442 # 1504
27454 # 1504
27466 # 1504
27478 # 1504
27490 # 1504
27502 # 1504
27514 # 1504
27526 # 1504
27538 # 1504
27550 # 1504
27562 # 1504
27574 # 1504
27586 # 1504
27598 # 1504
27610 # 1504
27622 # 1504
27634 # 1504
27646 # 1504
27658 # 1504
27670 # 1504
27682 # 1504
27694 # 1504
27706 # 1504
27718 # 1504
27730 # 1504
27742 # 1504
27754 # 1504
27766 # 1504
27778 # 1504
27790 # 1504
27802 # 1504
27814 # 1504
27826 # 1504
27838 # 1504
27850 # 1504
27862 # 1504
27874 # 1504
27886 # 1504
27898 # 1504
27910 # 1504
27922 # 1504
27934 # 1504
27946 # 1504
27958 # 1504
27970 # 1504
27982 # 1504
27994 # 1504
28006 # 1504
28018 # 1504
28030 # 1504
28042 # 1504
28054 # 1504
28066 # 1504
28078 # 1504
28090 # 1504
28102 # 1504
28114 # 1504
28126 # 1504
28138 # 1504
28150 # 1504
28162 # 1504
28174 # 1504
28186 # 1504
28198 # 1504
28210 # 1504
28222 # 1504
28234 # 1504
28246 # 1504
28258 # 1504
28270 # 1504
28282 # 1504
28294 # 1504
28306 # 1504
28318 # 1504
28330 # 1504
28342 # 1504
28354 # 1504
28366 # 1504
28378 # 1504
28390 # 1504
28402 # 1504
28414 # 1504
28426 # 1504
28438 # 1504
28450 # 1504
28462 # 1504
28474 # 1504
28486 # 1504
28498 # 1504
28510 # 1504
28522 # 1504
28534 # 1504
28546 # 1504
28558 # 1504
28570 # 1504
28582 # 1504
28594 # 1504
28606 # 1504
28618 # 1504
28630 # 1504
28642 # 1504
28654 # 1504
28666 # 1504
28678 # 1504
28690 # 1504
28702 # 1504
28714 # 1504
28726 # 1504
28738 # 1504
28750 # 1504
28762 # 1504
28774 # 1504
28786 # 1504
28798 # 1504
28810 # 1504
28822 # 1504
28834 # 1504
28846 # 1504
28858 # 1504
28870 # 1504
28882 # 1504
28894 # 1504
28906 # 1504
28918 # 1504
28930 # 1504
28942 # 1504
28954 # 1504
28966 # 1504
28978 # 1504
28990 # 1504
29002 # 1504
29014 # 1504
29026 # 1504
29038 # 1504
29050 # 1504
29062 # 1504
29074 # 1504
29086 # 1504
29098 # 1504
29110 # 1504
29122 # 1504
29134 # 1504
29146 # 1504
29158 # 1504
29170 # 1504
29182 # 1504
29194 # 1504
29206 # 1504
29218 # 1504
29230 # 1504
29242 # 1504
29254 # 1504
29266 # 1504
29278 # 1504
29290 # 1504
29302 # 1504
29314 # 1504
29326 # 1504
29338 # 1504
29350 # 1504
29362 # 1504
29374 # 1504
29386 # 1504
29398 # 1504
29410 # 1504
29422 # 1504
29434 # 1504
29446 # 1504
29458 # 1504
29470 # 1504
29482 # 1504
29494 # 1504
29506 # 1504
29518 # 1504
29530 # 1504
29542 # 1504
29554 # 1504
29566 # 1504
29578 # 1504
29590 # 1504
29602 # 1504
29614 # 1504
29626 # 1504
29638 # 1504
29650 # 1504
29662 # 1504
29674 # 1504
29686 # 1504
29698 # 1504
29710 # 1504
29722 # 1504
29734 # 1504
29746 # 1504
29758 # 1504
29770 # 1504
29782 # 1504
29794 # 1504
29806 # 1504
29818 # 1504
29830 # 1504
29842 # 1504
29854 # 1504
29866 # 1504
29878 # 1504
29890 # 1504
29902 # 1504
29914 # 1504
29926 # 1504
29938 # 1504
29950 # 1504
29962 # 1504
29974 # 1504
29986 # 1504
29998 # 1504
30010 # 1504
30022 # 1504
30034 # 1504
30046 # 1504
30058 # 1504
30070 # 1504
30082 # 1504
30094 # 1504
30106 # 1504
30118 # 1504
30130 # 1504
30142 # 1504
30154 # 1504
30166 # 1504
30178 # 1504
30190 # 1504
30202 # 1504
30214 # 1504
30226 # 1504
30238 # 1504
30250 # 1504
30262 # 1504
30274 # 1504
30286 # 1504
30298 # 1504
30310 # 1504
30322 # 1504
30334 # 1504
30346 # 1504
30358 # 1504
30370 # 1504
30382 # 1504
30394 # 1504
30406 # 1504
30418 # 1504
30430 # 1504
30442 # 1504
30454 # 1504
30466 # 1504
30478 # 1504
30490 # 1504
30502 # 1504
30514 # 1504
30526 # 1504
30538 # 1504
30550 # 1504
30562 # 1504
30574 # 1504
30586 # 1504
30598 # 1504
30610 # 1504
30622 # 1504
30634 # 1504
30646 # 1504
30658 # 1504
30670 # 1504
30682 # 1504
30694 # 1504
30706 # 1504
30718 # 1504
30730 # 1504
30742 # 1504
30754 # 1504
30766 # 1504
30778 # 1504
30790 # 1504
30802 # 1504
30814 # 1504
30826 # 1504
30838 # 1504
30850 # 1504
30862 # 1504
30874 # 1504
30886 # 1504
30898 # 1504
30910 # 1504
30922 # 1504
30934 # 1504
30946 # 1504
30958 # 1504
30970 # 1504
30982 # 1504
30994 # 1504
31006 # 1504
31018 # 1504
31030 # 1504
31042 # 1504
31054 # 1504
31066 # 1504
31078 # 1504
31090 # 1504
31102 # 1504
31114 # 1504
31126 # 1504
31138 # 1504
31150 # 1504
31162 # 1504
31174 # 1504
31186 # 1504
31198 # 1504
31210 # 1504
31222 # 1504
31234 # 1504
31246 # 1504
31258 # 1504
31270 # 1504
31282 # 1504
31294 # 1504
31306 # 1504
31318 # 1504
31330 # 1504
31342 # 1504
31354 # 1504
31366 # 1504
31378 # 1504
31390 # 1504
31402 # 1504
31414 # 1504
31426 # 1504
31438 # 1504
31450 # 1504
31462 # 1504
31474 # 1504
31486 # 1504
31498 # 1504
31510 # 1504
31522 # 1504
31534 # 1504
31546 # 1504
31558 # 1504
31570 # 1504
31582 # 1504
31594 # 1504
31606 # 1504
31618 # 1504
31630 # 1504
31642 # 1504
31654 # 1504
31666 # 1504
31678 # 1504
31690 # 1504
31702 # 1504
31714 # 1504
31726 # 1504
31738 # 1504
31750 # 1504
31762 # 1504
31774 # 1504
31786 # 1504
31798 # 1504
31810 # 1504
31822 # 1504
31834 # 1504
31846 # 1504
31858 # 1504
31870 # 1504
31882 # 1504
31894 # 1504
31906 # 1504
31918 # 1504
31930 # 1504
31942 # 1504
31954 # 1504
31966 # 1504
31978 # 1504
31990 # 1504
32002 # 1504
32014 # 1504
32026 # 1504
32038 # 1504
32050 # 1504
32062 # 1504
32074 # 1504
32086 # 1504
32098 # 1504
32110 # 1504
32122 # 1504
32134 # 1504
32146 # 1504
32158 # 1504
32170 # 1504
32182 # 1504
32194 # 1504
32206 # 1504
32218 # 1504
32230 # 1504
32242 # 1504
32254 # 1504
32266 # 1504
32278 # 1504
32290 # 1504
32302 # 1504
32314 # 1504
32326 # 1504
32338 # 1504
32350 # 1504
32362 # 1504
32374 # 1504
32386 # 1504
32398 # 1504
32410 # 1504
32422 # 1504
32434 # 1504
32446 # 1504
32458 # 1504
32470 # 1504
32482 # 1504
32494 # 1504
32506 # 1504
32518 # 1504
32530 # 1504
32542 # 1504
32554 # 1504
32566 # 1504
32578 # 1504
32590 # 1504
32602 # 1504
32614 # 1504
32626 # 1504
32638 # 1504
32650 # 1504
32662 # 1504
32674 # 1504
32686 # 1504
32698 # 1504
32710 # 1504
32722 # 1504
32734 # 1504
32746 # 1504
32758 # 1504
32770 # 1504
32782 # 1504
32794 # 1504
32806 # 1504
32818 # 1504
32830 # 1504
32842 # 1504
32854 # 1504
32866 # 1504
32878 # 1504
32890 # 1504
32902 # 1504
32914 # 1504
32926 # 1504
32938 # 1504
32950 # 1504
32962 # 1504
32974 # 1504
32986 # 1504
32998 # 1504
33010 # 1504
33022 # 1504
33034 # 1504
33046 # 1504
33058 # 1504
33070 # 1504
33082 # 1504
33094 # 1504
33106 # 1504
33118 # 1504
33130 # 1504
33142 # 1504
33154 # 1504
33166 # 1504
33178 # 1504
33190 # 1504
33202 # 1504
33214 # 1504
33226 # 1504
33238 # 1504
33250 # 1504
33262 # 1504
33274 # 1504
33286 # 1504
33298 # 1504
33310 # 1504
33322 # 1504
33334 # 1504
33346 # 1504
33358 # 1504
33370 # 1504
33382 # 1504
33394 # 1504
33406 # 1504
33418 # 1504
33430 # 1504
33442 # 1504
33454 # 1504
33466 # 1504
33478 # 1504
33490 # 1504
33502 # 1504
33514 # 1504
33526 # 1504
33538 # 1504
33550 # 1504
33562 # 1504
33574 # 1504
33586 # 1504
33598 # 1504
33610 # 1504
33622 # 1504
33634 # 1504
33646 # 1504
33658 # 1504
33670 # 1504
33682 # 1504
33694 # 1504
33706 # 1504
33718 # 1504
33730 # 1504
33742 # 1504
33754 # 1504
33766 # 1504
33778 # 1504
33790 # 1504
33802 # 1504
33814 # 1504
33826 # 1504
33838 # 1504
33850 # 1504
33862 # 1504
33874 # 1504
33886 # 1504
33898 # 1504
33910 # 1504
33922 # 1504
33934 # 1504
33946 # 1504
33958 # 1504
33970 # 1504
33982 # 1504
33994 # 1504
34006 # 1504
34018 # 1504
34030 # 1504
34042 # 1504
34054 # 1504
34066 # 1504
34078 # 1504
34090 # 1504
34102 # 1504
34114 # 1504
34126 # 1504
34138 # 1504
34150 # 1504
34162 # 1504
34174 # 1504
34186 # 1504
34198 # 1504
34210 # 1504
34222 # 1504
34234 # 1504
34246 # 1504
34258 # 1504
34270 # 1504
34282 # 1504
34294 # 1504
34306 # 1504
34318 # 1504
34330 # 1504
34342 # 1504
34354 # 1504
34366 # 1504
34378 # 1504
34390 # 1504
34402 # 1504
34414 # 1504
34426 # 1504
34438 # 1504
34450 # 1504
34462 # 1504
34474 # 1504
34486 # 1504
34498 # 1504
34510 # 1504
34522 # 1504
34534 # 1504
34546 # 1504
34558 # 1504
34570 # 1504
34582 # 1504
34594 # 1504
34606 # 1504
34618 # 1504
34630 # 1504
34642 # 1504
34654 # 1504
34666 # 1504
34678 # 1504
34690 # 1504
34702 # 1504
34714 # 1504
34726 # 1504
34738 # 1504
34750 # 1504
34762 # 1504
34774 # 1504
34786 # 1504
34798 # 1504
34810 # 1504
34822 # 1504
34834 # 1504
34846 # 1504
34858 # 1504
34870 # 1504
34882 # 1504
34894 # 1504
34906 # 1504
34918 # 1504
34930 # 1504
34942 # 1504
34954 # 1504
34966 # 1504
34978 # 1504
34990 # 1504
35002 # 1504
35014 # 1504
35026 # 1504
35038 # 1504
35050 # 1504
35062 # 1504
35074 # 1504
35086 # 1504
35098 # 1504
35110 # 1504
35122 # 1504
35134 # 1504
35146 # 1504
35158 # 1504
35170 # 1504
35182 # 1504
35194 # 1504
35206 # 1504
35218 # 1504
35230 # 1504
35242 # 1504
35254 # 1504
35266 # 1504
35278 # 1504
35290 # 1504
35302 # 1504
35314 # 1504
35326 # 1504
35338 # 1504
35350 # 1504
35362 # 1504
35374 # 1504
35386 # 1504
35398 # 1504
35410 # 1504
35422 # 1504
35434 # 1504
35446 # 1504
35458 # 1504
35470 # 1504
35482 # 1504
35494 # 1504
35506 # 1504
35518 # 1504
35530 # 1504
35542 # 1504
35554 # 1504
35566 # 1504
35578 # 1504
35590 # 1504
35602 # 1504
35614 # 1504
35626 # 1504
35638 # 1504
35650 # 1504
35662 # 1504
35674 # 1504
35686 # 1504
35698 # 1504
35710 # 1504
35722 # 1504
35734 # 1504
35746 # 1504
35758 # 1504
35770 # 1504
35782 # 1504
35794 # 1504
35806 # 1504
35818 # 1504
35830 # 1504
35842 # 1504
35854 # 1504
35866 # 1504
35878 # 1504
35890 # 1504
35902 # 1504
35914 # 1504
35926 # 1504
35938 # 1504
35950 # 1504
35962 # 1504
35974 # 1504
35986 # 1504
35998 # 1504
36010 # 1504
36022 # 1504
36034 # 1504
36046 # 1504
36058 # 1504
36070 # 1504
36082 # 1504
36094 # 1504
36106 # 1504
36118 # 1504
36130 # 1504
36142 # 1504
36154 # 1504
36166 # 1504
36178 # 1504
36190 # 1504
36202 # 1504
36214 # 1504
36226 # 1504
36238 # 1504
36250 # 1504
36262 # 1504
36274 # 1504
36286 # 1504
36298 # 1504
36310 # 1504
36322 # 1504
36334 # 1504
36346 # 1504
36358 # 1504
36370 # 1504
36382 # 1504
36394 # 1504
36406 # 1504
36418 # 1504
36430 # 1504
36442 # 1504
36454 # 1504
36466 # 1504
36478 # 1504
36490 # 1504
36502 # 1504
36514 # 1504
36526 # 1504
36538 # 1504
36550 # 1504
36562 # 1504
36574 # 1504
36586 # 1504
36598 # 1504
36610 # 1504
36622 # 1504
36634 # 1504
36646 # 1504
36658 # 1504
36670 # 1504
36682 # 1504
36694 # 1504
36706 # 1504
36718 # 1504
36730 # 1504
36742 # 1504
36754 # 1504
36766 # 1504
36778 # 1504
36790 # 1504
36802 # 1504
36814 # 1504
36826 # 1504
36838 # 1504
36850 # 1504
36862 # 1504
36874 # 1504
36886 # 1504
36898 # 1504
36910 # 1504
36922 # 1504
36934 # 1504
36946 # 1504
36958 # 1504
36970 # 1504
36982 # 1504
36994 # 1504
37006 # 1504
37018 # 1504
37030 # 1504
37042 # 1504
37054 # 1504
37066 # 1504
37078 # 1504
37090 # 1504
37102 # 1504
37114 # 1504
37126 # 1504
37138 # 1504
37150 # 1504
37162 # 1504
37174 # 1504
37186 # 1504
37198 # 1504
37210 # 1504
37222 # 1504
37234 # 1504
37246 # 1504
37258 # 1504
37270 # 1504
37282 # 1504
37294 # 1504
37306 # 1504
37318 # 1504
37330 # 1504
37342 # 1504
37354 # 1504
37366 # 1504
37378 # 1504
37390 # 1504
37402 # 1504
37414 # 1504
37426 # 1504
37438 # 1504
37450 # 1504
37462 # 1504
37474 # 1504
37486 # 1504
37498 # 1504
37510 # 1504
37522 # 1504
37534 # 1504
37546 # 1504
37558 # 1504
37570 # 1504
37582 # 1504
37594 # 1504
37606 # 1504
37618 # 1504
37630 # 1504
37642 # 1504
37654 # 1504
37666 # 1504
37678 # 1504
37690 # 1504
37702 # 1504
37714 # 1504
37726 # 1504
37738 # 1504
37750 # 1504
37762 # 1504
37774 # 1504
37786 # 1504
37798 # 1504
37810 # 1504
37822 # 1504
37834 # 1504
37846 # 1504
37858 # 1504
37870 # 1504
37882 # 1504
37894 # 1504
37906 # 1504
37918 # 1504
37930 # 1504
37942 # 1504
37954 # 1504
37966 # 1504
37978 # 1504
37990 # 1504
38002 # 1504
38014 # 1504
38026 # 1504
38038 # 1504
38050 # 1504
38062 # 1504
38074 # 1504
38086 # 1504
38098 # 1504
38110 # 1504
38122 # 1504
38134 # 1504
38146 # 1504
38158 # 1504
38170 # 1504
38182 # 1504
38194 # 1504
38206 # 1504
38218 # 1504
38230 # 1504
38242 # 1504
38254 # 1504
38266 # 1504
38278 # 1504
38290 # 1504
38302 # 1504
38314 # 1504
38326 # 1504
38338 # 1504
38350 # 1504
38362 # 1504
38374 # 1504
38386 # 1504
38398 # 1504
38410 # 1504
38422 # 1504
38434 # 1504
38446 # 1504
38458 # 1504
38470 # 1504
38482 # 1504
38494 # 1504
38506 # 1504
38518 # 1504
38530 # 1504
38542 # 1504
38554 # 1504
38566 # 1504
38578 # 1504
38590 # 1504
38602 # 1504
38614 # 1504
38626 # 1504
38638 # 1504
38650 # 1504
38662 # 1504
38674 # 1504
38686 # 1504
38698 # 1504
38710 # 1504
38722 # 1504
38734 # 1504
38746 # 1504
38758 # 1504
38770 # 1504
38782 # 1504
38794 # 1504
38806 # 1504
38818 # 1504
38830 # 1504
38842 # 1504
38854 # 1504
38866 # 1504
38878 # 1504
38890 # 1504
38902 # 1504
38914 # 1504
38926 # 1504
38938 # 1504
38950 # 1504
38962 # 1504
38974 # 1504
38986 # 1504
38998 # 1504
39010 # 1504
39022 # 1504
39034 # 1504
39046 # 1504
39058 # 1504
39070 # 1504
39082 # 1504
39094 # 1504
39106 # 1504
39118 # 1504
39130 # 1504
39142 # 1504
39154 # 1504
39166 # 1504
39178 # 1504
39190 # 1504
39202 # 1504
39214 # 1504
39226 # 1504
39238 # 1504
39250 # 1504
39262 # 1504
39274 # 1504
39286 # 1504
39298 # 1504
39310 # 1504
39322 # 1504
39334 # 1504
39346 # 1504
39358 # 1504
39370 # 1504
39382 # 1504
39394 # 1504
39406 # 1504
39418 # 1504
39430 # 1504
39442 # 1504
39454 # 1504
39466 # 1504
39478 # 1504
39490 # 1504
39502 # 1504
39514 # 1504
39526 # 1504
39538 # 1504
39550 # 1504
39562 # 1504
39574 # 1504
39586 # 1504
39598 # 1504
39610 # 1504
39622 # 1504
39634 # 1504
39646 # 1504
39658 # 1504
39670 # 1504
39682 # 1504
39694 # 1504
39706 # 1504
39718 # 1504
39730 # 1504
39742 # 1504
39754 # 1504
39766 # 1504
39778 # 1504
39790 # 1504
39802 # 1504
39814 # 1504
39826 # 1504
39838 # 1504
39850 # 1504
39862 # 1504
39874 # 1504
39886 # 1504
39898 # 1504
39910 # 1504
39922 # 1504
39934 # 1504
39946 # 1504
39958 # 1504
39970 # 1504
39982 # 1504
39994 # 1504
40006 # 1504
40018 # 1504
40030 # 1504
40042 # 1504
40054 # 1504
40066 # 1504
40078 # 1504
40090 # 1504
40102 # 1504
40114 # 1504
40126 # 1504
40138 # 1504
40150 # 1504
40162 # 1504
40174 # 1504
40186 # 1504
40198 # 1504
40210 # 1504
40222 # 1504
40234 # 1504
40246 # 1504
40258 # 1504
40270 # 1504
40282 # 1504
40294 # 1504
40306 # 1504
40318 # 1504
40330 # 1504
40342 # 1504
40354 # 1504
40366 # 1504
40378 # 1504
40390 # 1504
40402 # 1504
40414 # 1504
40426 # 1504
40438 # 1504
40450 # 1504
40462 # 1504
40474 # 1504
40486 # 1504
40498 # 1504
40510 # 1504
40522 # 1504
40534 # 1504
40546 # 1504
40558 # 1504
40570 # 1504
40582 # 1504
40594 # 1504
40606 # 1504
40618 # 1504
40630 # 1504
40642 # 1504
40654 # 1504
40666 # 1504
40678 # 1504
40690 # 1504
40702 # 1504
40714 # 1504
40726 # 1504
40738 # 1504
40750 # 1504
40762 # 1504
40774 # 1504
40786 # 1504
40798 # 1504
40810 # 1504
40822 # 1504
40834 # 1504
40846 # 1504
40858 # 1504
40870 # 1504
40882 # 1504
40894 # 1504
40906 # 1504
40918 # 1504
40930 # 1504
40942 # 1504
40954 # 1504
40966 # 1504
40978 # 1504
40990 # 1504
41002 # 1504
41014 # 1504
41026 # 1504
41038 # 1504
41050 # 1504
41062 # 1504
41074 # 1504
41086 # 1504
41098 # 1504
41110 # 1504
41122 # 1504
41134 # 1504
41146 # 1504
41158 # 1504
41170 # 1504
41182 # 1504
41194 # 1504
41206 # 1504
41218 # 1504
41230 # 1504
41242 # 1504
41254 # 1504
41266 # 1504
41278 # 1504
41290 # 1504
41302 # 1504
41314 # 1504
41326 # 1504
41338 # 1504
41350 # 1504
41362 # 1504
41374 # 1504
41386 # 1504
41398 # 1504
41410 # 1504
41422 # 1504
41434 # 1504
41446 # 1504
41458 # 1504
41470 # 1504
41482 # 1504
41494 # 1504
41506 # 1504
41518 # 1504
41530 # 1504
41542 # 1504
41554 # 1504
41566 # 1504
41578 # 1504
41590 # 1504
41602 # 1504
41614 # 1504
41626 # 1504
41638 # 1504
41650 # 1504
41662 # 1504
41674 # 1504
41686 # 1504
41698 # 1504
41710 # 1504
41722 # 1504
41734 # 1504
41746 # 1504
41758 # 1504
41770 # 1504
41782 # 1504
41794 # 1504
41806 # 1504
41818 # 1504
41830 # 1504
41842 # 1504
41854 # 1504
41866 # 1504
41878 # 1504
41890 # 1504
41902 # 1504
41914 # 1504
41926 # 1504
41938 # 1504
41950 # 1504
41962 # 1504
41974 # 1504
41986 # 1504
41998 # 1504
42010 # 1504
42022 # 1504
42034 # 1504
42046 # 1504
42058 # 1504
42070 # 1504
42082 # 1504
42094 # 1504
42106 # 1504
42118 # 1504
42130 # 1504
42142 # 1504
42154 # 1504
42166 # 1504
42178 # 1504
42190 # 1504
42202 # 1504
42214 # 1504
42226 # 1504
42238 # 1504
42250 # 1504
42262 # 1504
42274 # 1504
42286 # 1504
42298 # 1504
42310 # 1504
42322 # 1504
42334 # 1504
42346 # 1504
42358 # 1504
42370 # 1504
42382 # 1504
42394 # 1504
42406 # 1504
42418 # 1504
42430 # 1504
42442 # 1504
42454 # 1504
42466 # 1504
42478 # 1504
42490 # 1504
42502 # 1504
42514 # 1504
42526 # 1504
42538 # 1504
42550 # 1504
42562 # 1504
42574 # 1504
42586 # 1504
42598 # 1504
42610 # 1504
42622 # 1504
42634 # 1504
42646 # 1504
42658 # 1504
42670 # 1504
42682 # 1504
42694 # 1504
42706 # 1504
42718 # 1504
42730 # 1504
42742 # 1504
42754 # 1504
42766 # 1504
42778 # 1504
42790 # 1504
42802 # 1504
42814 # 1504
42826 # 1504
42838 # 1504
42850 # 1504
42862 # 1504
42874 # 1504
42886 # 1504
42898 # 1504
42910 # 1504
42922 # 1504
42934 # 1504
42946 # 1504
42958 # 1504
42970 # 1504
42982 # 1504
42994 # 1504
43006 # 1504
43018 # 1504
43030 # 1504
43042 # 1504
43054 # 1504
43066 # 1504
43078 # 1504
43090 # 1504
43102 # 1504
43114 # 1504
43126 # 1504
43138 # 1504
43150 # 1504
43162 # 1504
43174 # 1504
43186 # 1504
43198 # 1504
43210 # 1504
43222 # 1504
43234 # 1504
43246 # 1504
43258 # 1504
43270 # 1504
43282 # 1504
43294 # 1504
43306 # 1504
43318 # 1504
43330 # 1504
43342 # 1504
43354 # 1504
43366 # 1504
43378 # 1504
43390 # 1504
43402 # 1504
43414 # 1504
43426 # 1504
43438 # 1504
43450 # 1504
43462 # 1504
43474 # 1504
43486 # 1504
43498 # 1504
43510 # 1504
43522 # 1504
43534 # 1504
43546 # 1504
43558 # 1504
43570 # 1504
43582 # 1504
43594 # 1504
43606 # 1504
43618 # 1504
43630 # 1504
43642 # 1504
43654 # 1504
43666 # 1504
43678 # 1504
43690 # 1504
43702 # 1504
43714 # 1504
43726 # 1504
43738 # 1504
43750 # 1504
43762 # 1504
43774 # 1504
43786 # 1504
43798 # 1504
43810 # 1504
43822 # 1504
43834 # 1504
43846 # 1504
43858 # 1504
43870 # 1504
43882 # 1504
43894 # 1504
43906 # 1504
43918 # 1504
43930 # 1504
43942 # 1504
43954 # 1504
43966 # 1504
43978 # 1504
43990 # 1504
44002 # 1504
44014 # 1504
44026 # 1504
44038 # 1504
44050 # 1504
44062 # 1504
44074 # 1504
44086 # 1504
44098 # 1504
44110 # 1504
44122 # 1504
44134 # 1504
44146 # 1504
44158 # 1504
44170 # 1504
44182 # 1504
44194 # 1504
44206 # 1504
44218 # 1504
44230 # 1504
44242 # 1504
44254 # 1504
44266 # 1504
44278 # 1504
44290 # 1504
44302 # 1504
44314 # 1504
44326 # 1504
44338 # 1504
44350 # 1504
44362 # 1504
44374 # 1504
44386 # 1504
44398 # 1504
44410 # 1504
44422 # 1504
44434 # 1504
44446 # 1504
44458 # 1504
44470 # 1504
44482 # 1504
44494 # 1504
44506 # 1504
44518 # 1504
44530 # 1504
44542 # 1504
44554 # 1504
44566 # 1504
44578 # 1504
44590 # 1504
44602 # 1504
44614 # 1504
44626 # 1504
44638 # 1504
44650 # 1504
44662 # 1504
44674 # 1504
44686 # 1504
44698 # 1504
44710 # 1504
44722 # 1504
44734 # 1504
44746 # 1504
44758 # 1504
44770 # 1504
44782 # 1504
44794 # 1504
44806 # 1504
44818 # 1504
44830 # 1504
44842 # 1504
44854 # 1504
44866 # 1504
44878 # 1504
44890 # 1504
44902 # 1504
44914 # 1504
44926 # 1504
44938 # 1504
44950 # 1504
44962 # 1504
44974 # 1504
44986 # 1504
44998 # 1504
45010 # 1504
45022 # 1504
45034 # 1504
45046 # 1504
45058 # 1504
45070 # 1504
45082 # 1504
45094 # 1504
45106 # 1504
45118 # 1504
45130 # 1504
45142 # 1504
45154 # 1504
45166 # 1504
45178 # 1504
45190 # 1504
45202 # 1504
45214 # 1504
45226 # 1504
45238 # 1504
45250 # 1504
45262 # 1504
45274 # 1504
45286 # 1504
45298 # 1504
45310 # 1504
45322 # 1504
45334 # 1504
45346 # 1504
45358 # 1504
45370 # 1504
45382 # 1504
45394 # 1504
45406 # 1504
45418 # 1504
45430 # 1504
45442 # 1504
45454 # 1504
45466 # 1504
45478 # 1504
45490 # 1504
45502 # 1504
45514 # 1504
45526 # 1504
45538 # 1504
45550 # 1504
45562 # 1504
45574 # 1504
45586 # 1504
45598 # 1504
45610 # 1504
45622 # 1504
45634 # 1504
45646 # 1504
45658 # 1504
45670 # 1504
45682 # 1504
45694 # 1504
45706 # 1504
45718 # 1504
45730 # 1504
45742 # 1504
45754 # 1504
45766 # 1504
45778 # 1504
45790 # 1504
45802 # 1504
45814 # 1504
45826 # 1504
45838 # 1504
45850 # 1504
45862 # 1504
45874 # 1504
45886 # 1504
45898 # 1504
45910 # 1504
45922 # 1504
45934 # 1504
45946 # 1504
45958 # 1504
45970 # 1504
45982 # 1504
45994 # 1504
46006 # 1504
46018 # 1504
46030 # 1504
46042 # 1504
46054 # 1504
46066 # 1504
46078 # 1504
46090 # 1504
46102 # 1504
46114 # 1504
46126 # 1504
46138 # 1504
46150 # 1504
46162 # 1504
46174 # 1504
46186 # 1504
46198 # 1504
46210 # 1504
46222 # 1504
46234 # 1504
46246 # 1504
46258 # 1504
46270 # 1504
46282 # 1504
46294 # 1504
46306 # 1504
46318 # 1504
46330 # 1504
46342 # 1504
46354 # 1504
46366 # 1504
46378 # 1504
46390 # 1504
46402 # 1504
46414 # 1504
46426 # 1504
46438 # 1504
46450 # 1504
46462 # 1504
46474 # 1504
46486 # 1504
46498 # 1504
46510 # 1504
46522 # 1504
46534 # 1504
46546 # 1504
46558 # 1504
46570 # 1504
46582 # 1504
46594 # 1504
46606 # 1504
46618 # 1504
46630 # 1504
46642 # 1504
46654 # 1504
46666 # 1504
46678 # 1504
46690 # 1504
46702 # 1504
46714 # 1504
46726 # 1504
46738 # 1504
46750 # 1504
46762 # 1504
46774 # 1504
46786 # 1504
46798 # 1504
46810 # 1504
46822 # 1504
46834 # 1504
46846 # 1504
46858 # 1504
46870 # 1504
46882 # 1504
46894 # 1504
46906 # 1504
46918 # 1504
46930 # 1504
46942 # 1504
46954 # 1504
46966 # 1504
46978 # 1504
46990 # 1504
47002 # 1504
47014 # 1504
47026 # 1504
47038 # 1504
47050 # 1504
47062 # 1504
47074 # 1504
47086 # 1504
47098 # 1504
47110 # 1504
47122 # 1504
47134 # 1504
47146 # 1504
47158 # 1504
47170 # 1504
47182 # 1504
47194 # 1504
47206 # 1504
47218 # 1504
47230 # 1504
47242 # 1504
47254 # 1504
47266 # 1504
47278 # 1504
47290 # 1504
47302 # 1504
47314 # 1504
47326 # 1504
47338 # 1504
47350 # 1504
47362 # 1504
47374 # 1504
47386 # 1504
47398 # 1504
47410 # 1504
47422 # 1504
47434 # 1504
47446 # 1504
47458 # 1504
47470 # 1504
47482 # 1504
47494 # 1504
47506 # 1504
47518 # 1504
47530 # 1504
47542 # 1504
47554 # 1504
47566 # 1504
47578 # 1504
47590 # 1504
47602 # 1504
47614 # 1504
47626 # 1504
47638 # 1504
47650 # 1504
47662 # 1504
47674 # 1504
47686 # 1504
47698 # 1504
47710 # 1504
47722 # 1504
47734 # 1504
47746 # 1504
47758 # 1504
47770 # 1504
47782 # 1504
47794 # 1504
47806 # 1504
47818 # 1504
47830 # 1504
47842 # 1504
47854 # 1504
47866 # 1504
47878 # 1504
47890 # 1504
47902 # 1504
47914 # 1504
47926 # 1504
47938 # 1504
47950 # 1504
47962 # 1504
47974 # 1504
47986 # 1504
47998 # 1504
48010 # 1504
48022 # 1504
48034 # 1504
48046 # 1504
48058 # 1504
48070 # 1504
48082 # 1504
48094 # 1504
48106 # 1504
48118 # 1504
48130 # 1504
48142 # 1504
48154 # 1504
48166 # 1504
48178 # 1504
48190 # 1504
48202 # 1504
48214 # 1504
48226 # 1504
48238 # 1504
48250 # 1504
48262 # 1504
48274 # 1504
48286 # 1504
48298 # 1504
48310 # 1504
48322 # 1504
48334 # 1504
48346 # 1504
48358 # 1504
48370 # 1504
48382 # 1504
48394 # 1504
48406 # 1504
48418 # 1504
48430 # 1504
48442 # 1504
48454 # 1504
48466 # 1504
48478 # 1504
48490 # 1504
48502 # 1504
48514 # 1504
48526 # 1504
48538 # 1504
48550 # 1504
48562 # 1504
48574 # 1504
48586 # 1504
48598 # 1504
48610 # 1504
48622 # 1504
48634 # 1504
48646 # 1504
48658 # 1504
48670 # 1504
48682 # 1504
48694 # 1504
48706 # 1504
48718 # 1504
48730 # 1504
48742 # 1504
48754 # 1504
48766 # 1504
48778 # 1504
48790 # 1504
48802 # 1504
48814 # 1504
48826 # 1504
48838 # 1504
48850 # 1504
48862 # 1504
48874 # 1504
48886 # 1504
48898 # 1504
48910 # 1504
48922 # 1504
48934 # 1504
48946 # 1504
48958 # 1504
48970 # 1504
48982 # 1504
48994 # 1504
49006 # 1504
49018 # 1504
49030 # 1504
49042 # 1504
49054 # 1504
49066 # 1504
49078 # 1504
49090 # 1504
49102 # 1504
49114 # 1504
49126 # 1504
49138 # 1504
49150 # 1504
49162 # 1504
49174 # 1504
49186 # 1504
49198 # 1504
49210 # 1504
49222 # 1504
49234 # 1504
49246 # 1504
49258 # 1504
49270 # 1504
49282 # 1504
49294 # 1504
49306 # 1504
49318 # 1504
49330 # 1504
49342 # 1504
49354 # 1504
49366 # 1504
49378 # 1504
49390 # 1504
49402 # 1504
49414 # 1504
49426 # 1504
49438 # 1504
49450 # 1504
49462 # 1504
49474 # 1504
49486 # 1504
49498 # 1504
49510 # 1504
49522 # 1504
49534 # 1504
49546 # 1504
49558 # 1504
49570 # 1504
49582 # 1504
49594 # 1504
49606 # 1504
49618 # 1504
49630 # 1504
49642 # 1504
49654 # 1504
49666 # 1504
49678 # 1504
49690 # 1504
49702 # 1504
49714 # 1504
49726 # 1504
49738 # 1504
49750 # 1504
49762 # 1504
49774 # 1504
49786 # 1504
49798 # 1504
49810 # 1504
49822 # 1504
49834 # 1504
49846 # 1504
49858 # 1504
49870 # 1504
49882 # 1504
49894 # 1504
49906 # 1504
49918 # 1504
49930 # 1504
49942 # 1504
49954 # 1504
49966 # 1504
49978 # 1504
49990 # 1504
50002 # 1504
50014 # 1504
50026 # 1504
50038 # 1504
50050 # 1504
50062 # 1504
50074 # 1504
50086 # 1504
50098 # 1504
50110 # 1504
50122 # 1504
50134 # 1504
50146 # 1504
50158 # 1504
50170 # 1504
50182 # 1504
50194 # 1504
50206 # 1504
50218 # 1504
50230 # 1504
50242 # 1504
50254 # 1504
50266 # 1504
50278 # 1504
50290 # 1504
50302 # 1504
50314 # 1504
50326 # 1504
50338 # 1504
50350 # 1504
50362 # 1504
50374 # 1504
50386 # 1504
50398 # 1504
50410 # 1504
50422 # 1504
50434 # 1504
50446 # 1504
50458 # 1504
50470 # 1504
50482 # 1504
50494 # 1504
50506 # 1504
50518 # 1504
50530 # 1504
50542 # 1504
50554 # 1504
50566 # 1504
50578 # 1504
50590 # 1504
50602 # 1504
50614 # 1504
50626 # 1504
50638 # 1504
50650 # 1504
50662 # 1504
50674 # 1504
50686 # 1504
50698 # 1504
50710 # 1504
50722 # 1504
50734 # 1504
50746 # 1504
50758 # 1504
50770 # 1504
50782 # 1504
50794 # 1504
50806 # 1504
50818 # 1504
50830 # 1504
50842 # 1504
50854 # 1504
50866 # 1504
50878 # 1504
50890 # 1504
50902 # 1504
50914 # 1504
50926 # 1504
50938 # 1504
50950 # 1504
50962 # 1504
50974 # 1504
50986 # 1504
50998 # 1504
51010 # 1504
51022 # 1504
51034 # 1504
51046 # 1504
51058 # 1504
51070 # 1504
51082 # 1504
51094 # 1504
51106 # 1504
51118 # 1504
51130 # 1504
51142 # 1504
51154 # 1504
51166 # 1504
51178 # 1504
51190 # 1504
51202 # 1504
51214 # 1504
51226 # 1504
51238 # 1504
51250 # 1504
51262 # 1504
51274 # 1504
51286 # 1504
51298 # 1504
51310 # 1504
51322 # 1504
51334 # 1504
51346 # 1504
51358 # 1504
51370 # 1504
51382 # 1504
51394 # 1504
51406 # 1504
51418 # 1504
51430 # 1504
51442 # 1504
51454 # 1504
51466 # 1504
51478 # 1504
51490 # 1504
51502 # 1504
51514 # 1504
51526 # 1504
51538 # 1504
51550 # 1504
51562 # 1504
51574 # 1504
51586 # 1504
51598 # 1504
51610 # 1504
51622 # 1504
51634 # 1504
51646 # 1504
51658 # 1504
51670 # 1504
51682 # 1504
51694 # 1504
51706 # 1504
51718 # 1504
51730 # 1504
51742 # 1504
51754 # 1504
51766 # 1504
51778 # 1504
51790 # 1504
51802 # 1504
51814 # 1504
51826 # 1504
51838 # 1504
51850 # 1504
51862 # 1504
51874 # 1504
51886 # 1504
51898 # 1504
51910 # 1504
51922 # 1504
51934 # 1504
51946 # 1504
51958 # 1504
51970 # 1504
51982 # 1504
51994 # 1504
52006 # 1504
52018 # 1504
52030 # 1504
52042 # 1504
52054 # 1504
52066 # 1504
52078 # 1504
52090 # 1504
52102 # 1504
52114 # 1504
52126 # 1504
52138 # 1504
52150 # 1504
52162 # 1504
52174 # 1504
52186 # 1504
52198 # 1504
52210 # 1504
52222 # 1504
52234 # 1504
52246 # 1504
52258 # 1504
52270 # 1504
52282 # 1504
52294 # 1504
52306 # 1504
52318 # 1504
52330 # 1504
52342 # 1504
52354 # 1504
52366 # 1504
52378 # 1504
52390 # 1504
52402 # 1504
52414 # 1504
52426 # 1504
52438 # 1504
52450 # 1504
52462 # 1504
52474 # 1504
52486 # 1504
52498 # 1504
52510 # 1504
52522 # 1504
52534 # 1504
52546 # 1504
52558 # 1504
52570 # 1504
52582 # 1504
52594 # 1504
52606 # 1504
52618 # 1504
52630 # 1504
52642 # 1504
52654 # 1504
52666 # 1504
52678 # 1504
52690 # 1504
52702 # 1504
52714 # 1504
52726 # 1504
52738 # 1504
52750 # 1504
52762 # 1504
52774 # 1504
52786 # 1504
52798 # 1504
52810 # 1504
52822 # 1504
52834 # 1504
52846 # 1504
52858 # 1504
52870 # 1504
52882 # 1504
52894 # 1504
52906 # 1504
52918 # 1504
52930 # 1504
52942 # 1504
52954 # 1504
52966 # 1504
52978 # 1504
52990 # 1504
53002 # 1504
53014 # 1504
53026 # 1504
53038 # 1504
53050 # 1504
53062 # 1504
53074 # 1504
53086 # 1504
53098 # 1504
53110 # 1504
53122 # 1504
53134 # 1504
53146 # 1504
53158 # 1504
53170 # 1504
53182 # 1504
53194 # 1504
53206 # 1504
53218 # 1504
53230 # 1504
53242 # 1504
53254 # 1504
53266 # 1504
53278 # 1504
53290 # 1504
53302 # 1504
53314 # 1504
53326 # 1504
53338 # 1504
53350 # 1504
53362 # 1504
53374 # 1504
53386 # 1504
53398 # 1504
53410 # 1504
53422 # 1504
53434 # 1504
53446 # 1504
53458 # 1504
53470 # 1504
53482 # 1504
53494 # 1504
53506 # 1504
53518 # 1504
53530 # 1504
53542 # 1504
53554 # 1504
53566 # 1504
53578 # 1504
53590 # 1504
53602 # 1504
53614 # 1504
53626 # 1504
53638 # 1504
53650 # 1504
53662 # 1504
53674 # 1504
53686 # 1504
53698 # 1504
53710 # 1504
53722 # 1504
53734 # 1504
53746 # 1504
53758 # 1504
53770 # 1504
53782 # 1504
53794 # 1504
53806 # 1504
53818 # 1504
53830 # 1504
53842 # 1504
53854 # 1504
53866 # 1504
53878 # 1504
53890 # 1504
53902 # 1504
53914 # 1504
53926 # 1504
53938 # 1504
53950 # 1504
53962 # 1504
53974 # 1504
53986 # 1504
53998 # 1504
54010 # 1504
54022 # 1504
54034 # 1504
54046 # 1504
54058 # 1504
54070 # 1504
54082 # 1504
54094 # 1504
54106 # 1504
54118 # 1504
54130 # 1504
54142 # 1504
54154 # 1504
54166 # 1504
54178 # 1504
54190 # 1504
54202 # 1504
54214 # 1504
54226 # 1504
54238 # 1504
54250 # 1504
54262 # 1504
54274 # 1504
54286 # 1504
54298 # 1504
54310 # 1504
54322 # 1504
54334 # 1504
54346 # 1504
54358 # 1504
54370 # 1504
54382 # 1504
54394 # 1504
54406 # 1504
54418 # 1504
54430 # 1504
54442 # 1504
54454 # 1504
54466 # 1504
54478 # 1504
54490 # 1504
54502 # 1504
54514 # 1504
54526 # 1504
54538 # 1504
54550 # 1504
54562 # 1504
54574 # 1504
54586 # 1504
54598 # 1504
54610 # 1504
54622 # 1504
54634 # 1504
54646 # 1504
54658 # 1504
54670 # 1504
54682 # 1504
54694 # 1504
54706 # 1504
54718 # 1504
54730 # 1504
54742 # 1504
54754 # 1504
54766 # 1504
54778 # 1504
54790 # 1504
54802 # 1504
54814 # 1504
54826 # 1504
54838 # 1504
54850 # 1504
54862 # 1504
54874 # 1504
54886 # 1504
54898 # 1504
54910 # 1504
54922 # 1504
54934 # 1504
54946 # 1504
54958 # 1504
54970 # 1504
54982 # 1504
54994 # 1504
55006 # 1504
55018 # 1504
55030 # 1504
55042 # 1504
55054 # 1504
55066 # 1504
55078 # 1504
55090 # 1504
55102 # 1504
55114 # 1504
55126 # 1504
55138 # 1504
55150 # 1504
55162 # 1504
55174 # 1504
55186 # 1504
55198 # 1504
55210 # 1504
55222 # 1504
55234 # 1504
55246 # 1504
55258 # 1504
55270 # 1504
55282 # 1504
55294 # 1504
55306 # 1504
55318 # 1504
55330 # 1504
55342 # 1504
55354 # 1504
55366 # 1504
55378 # 1504
55390 # 1504
55402 # 1504
55414 # 1504
55426 # 1504
55438 # 1504
55450 # 1504
55462 # 1504
55474 # 1504
55486 # 1504
55498 # 1504
55510 # 1504
55522 # 1504
55534 # 1504
55546 # 1504
55558 # 1504
55570 # 1504
55582 # 1504
55594 # 1504
55606 # 1504
55618 # 1504
55630 # 1504
55642 # 1504
55654 # 1504
55666 # 1504
55678 # 1504
55690 # 1504
55702 # 1504
55714 # 1504
55726 # 1504
55738 # 1504
55750 # 1504
55762 # 1504
55774 # 1504
55786 # 1504
55798 # 1504
55810 # 1504
55822 # 1504
55834 # 1504
55846 # 1504
55858 # 1504
55870 # 1504
55882 # 1504
55894 # 1504
55906 # 1504
55918 # 1504
55930 # 1504
55942 # 1504
55954 # 1504
55966 # 1504
55978 # 1504
55990 # 1504
56002 # 1504
56014 # 1504
56026 # 1504
56038 # 1504
56050 # 1504
56062 # 1504
56074 # 1504
56086 # 1504
56098 # 1504
56110 # 1504
56122 # 1504
56134 # 1504
56146 # 1504
56158 # 1504
56170 # 1504
56182 # 1504
56194 # 1504
56206 # 1504
56218 # 1504
56230 # 1504
56242 # 1504
56254 # 1504
56266 # 1504
56278 # 1504
56290 # 1504
56302 # 1504
56314 # 1504
56326 # 1504
56338 # 1504
56350 # 1504
56362 # 1504
56374 # 1504
56386 # 1504
56398 # 1504
56410 # 1504
56422 # 1504
56434 # 1504
56446 # 1504
56458 # 1504
56470 # 1504
56482 # 1504
56494 # 1504
56506 # 1504
56518 # 1504
56530 # 1504
56542 # 1504
56554 # 1504
56566 # 1504
56578 # 1504
56590 # 1504
56602 # 1504
56614 # 1504
56626 # 1504
56638 # 1504
56650 # 1504
56662 # 1504
56674 # 1504
56686 # 1504
56698 # 1504
56710 # 1504
56722 # 1504
56734 # 1504
56746 # 1504
56758 # 1504
56770 # 1504
56782 # 1504
56794 # 1504
56806 # 1504
56818 # 1504
56830 # 1504
56842 # 1504
56854 # 1504
56866 # 1504
56878 # 1504
56890 # 1504
56902 # 1504
56914 # 1504
56926 # 1504
56938 # 1504
56950 # 1504
56962 # 1504
56974 # 1504
56986 # 1504
56998 # 1504
57010 # 1504
57022 # 1504
57034 # 1504
57046 # 1504
57058 # 1504
57070 # 1504
57082 # 1504
57094 # 1504
57106 # 1504
57118 # 1504
57130 # 1504
57142 # 1504
57154 # 1504
57166 # 1504
57178 # 1504
57190 # 1504
57202 # 1504
57214 # 1504
57226 # 1504
57238 # 1504
57250 # 1504
57262 # 1504
57274 # 1504
57286 # 1504
57298 # 1504
57310 # 1504
57322 # 1504
57334 # 1504
57346 # 1504
57358 # 1504
57370 # 1504
57382 # 1504
57394 # 1504
57406 # 1504
57418 # 1504
57430 # 1504
57442 # 1504
57454 # 1504
57466 # 1504
57478 # 1504
57490 # 1504
57502 # 1504
57514 # 1504
57526 # 1504
57538 # 1504
57550 # 1504
57562 # 1504
57574 # 1504
57582 + 52
57586 # 1504
57586 - 52 4
57598 # 1504
57610 # 1504
57622 # 1504
57634 # 1504
57646 # 1504
57658 # 1504
57670 # 1504
57682 # 1504
57694 # 1504
57706 # 1504
57718 # 1504
57730 # 1504
57742 # 1504
57754 # 1504
57766 # 1504
57778 # 1504
57790 # 1504
57802 # 1504
57814 # 1504
57826 # 1504
57838 # 1504
57850 # 1504
57862 # 1504
57874 # 1504
57886 # 1504
57898 # 1504
57910 # 1504
57922 # 1504
57934 # 1504
57946 # 1504
57958 # 1504
57970 # 1504
57982 # 1504
57994 # 1504
58006 # 1504
58018 # 1504
58030 # 1504
58042 # 1504
58054 # 1504
58066 # 1504
58078 # 1504
58090 # 1504
58102 # 1504
58114 # 1504
58126 # 1504
58138 # 1504
58150 # 1504
58162 # 1504
58174 # 1504
58186 # 1504
58198 # 1504
58210 # 1504
58222 # 1504
58234 # 1504
58246 # 1504
58258 # 1504
58270 # 1504
58282 # 1504
58294 # 1504
58306 # 1504
58318 # 1504
58330 # 1504
58342 # 1504
58354 # 1504
58366 # 1504
58378 # 1504
58390 # 1504
58402 # 1504
58414 # 1504
58426 # 1504
58438 # 1504
58450 # 1504
58462 # 1504
58474 # 1504
58486 # 1504
58498 # 1504
58510 # 1504
58522 # 1504
58534 # 1504
58546 # 1504
58558 # 1504
58570 # 1504
58582 # 1504
58594 # 1504
58606 # 1504
58618 # 1504
58630 # 1504
58642 # 1504
58654 # 1504
58666 # 1504
58678 # 1504
58690 # 1504
58702 # 1504
58714 # 1504
58726 # 1504
58738 # 1504
58750 # 1504
58762 # 1504
58774 # 1504
58786 # 1504
58798 # 1504
58810 # 1504
58822 # 1504
58834 # 1504
58846 # 1504
58858 # 1504
58870 # 1504
58882 # 1504
58894 # 1504
58906 # 1504
58918 # 1504
58930 # 1504
58942 # 1504
58954 # 1504
58966 # 1504
58978 # 1504
58990 # 1504
59002 # 1504
59014 # 1504
59026 # 1504
59038 # 1504
59050 # 1504
59062 # 1504
59074 # 1504
59086 # 1504
59098 # 1504
59110 # 1504
59122 # 1504
59134 # 1504
59146 # 1504
59158 # 1504
59170 # 1504
59182 # 1504
59194 # 1504
59206 # 1504
59218 # 1504
59230 # 1504
59242 # 1504
59254 # 1504
59266 # 1504
59278 # 1504
59290 # 1504
59302 # 1504
59314 # 1504
59326 # 1504
59338 # 1504
59350 # 1504
59362 # 1504
59374 # 1504
59386 # 1504
59398 # 1504
59410 # 1504
59422 # 1504
59434 # 1504
59446 # 1504
59458 # 1504
59470 # 1504
59482 # 1504
59494 # 1504
59506 # 1504
59518 # 1504
59530 # 1504
59542 # 1504
59554 # 1504
59566 # 1504
59578 # 1504
59590 # 1504
59602 # 1504
59614 # 1504
59626 # 1504
59638 # 1504
59650 # 1504
59662 # 1504
59674 # 1504
59686 # 1504
59698 # 1504
59710 # 1504
59722 # 1504
59734 # 1504
59746 # 1504
59758 # 1504
59770 # 1504
59782 # 1504
59794 # 1504
59806 # 1504
59818 # 1504
59830 # 1504
59842 # 1504
59854 # 1504
59866 # 1504
59878 # 1504
59890 # 1504
59902 # 1504
59914 # 1504
59926 # 1504
59938 # 1504
